2025-07-08 11:57:10,883 - INFO - Created temporary ROI file at: /tmp/tmppn6u2u2d/sample_roi.json
2025-07-08 11:57:10,883 - INFO - Successfully loaded ROI geometry from /tmp/tmppn6u2u2d/sample_roi.json
2025-07-08 11:57:10,884 - INFO - --- Starting S2 retrieval process for ROI 'sample_roi' from 2023-05-01 to 2023-05-08 ---
2025-07-08 11:57:12,338 - INFO - Fetching Sentinel-2 collection for dates 2023-05-01 to 2023-05-08
2025-07-08 11:57:12,882 - INFO - Calculating 8-day S2 band composites from 2023-05-01 to 2023-05-08
2025-07-08 11:57:13,615 - INFO - Generated 1 8-day composites (including placeholders).
2025-07-08 11:57:14,155 - INFO - Found 1 valid 8-day S2 composites for download (after removing empty placeholders).
2025-07-08 11:57:15,579 - INFO - Created output folder for downloads: s2_data_output/sample_roi/sample_S2_8days
2025-07-08 11:58:15,191 - INFO - Successfully created multi-band GeoTIFF for 2023-05-01 to s2_data_output/sample_roi/sample_S2_8days/S2_8days_2023-05-01.tif
2025-07-08 11:58:15,199 - INFO - --- S2 retrieval process finished for ROI 'sample_roi'. ---
2025-07-08 11:58:15,200 - INFO - Cleaned up temporary ROI directory: /tmp/tmppn6u2u2d
2025-07-08 11:58:15,200 - INFO - Example run finished.
2025-07-08 13:52:18,813 - INFO - Loaded grid GeoJSON from: Grid_50K_MatchedDates.geojson containing 604 features.
2025-07-08 13:52:18,813 - INFO - Processing feature 1/604
2025-07-08 13:52:18,818 - INFO - --- Starting S2 retrieval process for ROI 'D-49-49-A' for 111 specific dates ---
2025-07-08 13:52:19,482 - INFO - Fetching Sentinel-2 collection for dates 2018-01-05 to 2018-01-13
2025-07-08 13:52:20,144 - INFO - Fetching Sentinel-2 collection for dates 2018-02-22 to 2018-03-02
2025-07-08 13:52:20,764 - INFO - Fetching Sentinel-2 collection for dates 2019-01-08 to 2019-01-16
2025-07-08 13:52:21,405 - INFO - Fetching Sentinel-2 collection for dates 2019-01-24 to 2019-02-01
2025-07-08 13:52:22,037 - INFO - Fetching Sentinel-2 collection for dates 2019-02-09 to 2019-02-17
2025-07-08 13:52:23,417 - INFO - Fetching Sentinel-2 collection for dates 2019-02-25 to 2019-03-05
2025-07-08 13:52:24,909 - INFO - Fetching Sentinel-2 collection for dates 2019-03-29 to 2019-04-06
2025-07-08 13:52:26,448 - INFO - Fetching Sentinel-2 collection for dates 2019-04-14 to 2019-04-22
2025-07-08 13:52:27,079 - INFO - Fetching Sentinel-2 collection for dates 2019-04-30 to 2019-05-08
2025-07-08 13:52:27,755 - INFO - Fetching Sentinel-2 collection for dates 2019-05-16 to 2019-05-24
2025-07-08 13:52:28,335 - INFO - Fetching Sentinel-2 collection for dates 2019-06-17 to 2019-06-25
2025-07-08 13:52:29,724 - INFO - Fetching Sentinel-2 collection for dates 2019-07-03 to 2019-07-11
2025-07-08 13:52:30,370 - INFO - Fetching Sentinel-2 collection for dates 2019-07-19 to 2019-07-27
2025-07-08 13:52:32,594 - INFO - Fetching Sentinel-2 collection for dates 2019-08-04 to 2019-08-12
2025-07-08 13:52:34,007 - INFO - Fetching Sentinel-2 collection for dates 2019-09-05 to 2019-09-13
2025-07-08 13:52:34,589 - INFO - Fetching Sentinel-2 collection for dates 2019-09-21 to 2019-09-29
2025-07-08 13:52:35,193 - INFO - Fetching Sentinel-2 collection for dates 2019-10-07 to 2019-10-15
2025-07-08 13:52:35,740 - INFO - Fetching Sentinel-2 collection for dates 2019-10-23 to 2019-10-31
2025-07-08 13:52:36,541 - INFO - Fetching Sentinel-2 collection for dates 2019-12-10 to 2019-12-18
2025-07-08 13:52:38,016 - INFO - Fetching Sentinel-2 collection for dates 2019-12-26 to 2020-01-03
2025-07-08 13:52:38,761 - INFO - Fetching Sentinel-2 collection for dates 2020-01-11 to 2020-01-19
2025-07-08 13:52:39,433 - INFO - Fetching Sentinel-2 collection for dates 2020-02-12 to 2020-02-20
2025-07-08 13:52:40,894 - INFO - Fetching Sentinel-2 collection for dates 2020-02-28 to 2020-03-07
2025-07-08 13:52:42,327 - INFO - Fetching Sentinel-2 collection for dates 2020-03-15 to 2020-03-23
2025-07-08 13:52:42,961 - INFO - Fetching Sentinel-2 collection for dates 2020-03-31 to 2020-04-08
2025-07-08 13:52:43,495 - INFO - Fetching Sentinel-2 collection for dates 2020-05-02 to 2020-05-10
2025-07-08 13:52:44,046 - INFO - Fetching Sentinel-2 collection for dates 2020-05-18 to 2020-05-26
2025-07-08 13:52:45,429 - INFO - Fetching Sentinel-2 collection for dates 2020-06-03 to 2020-06-11
2025-07-08 13:52:45,934 - INFO - Fetching Sentinel-2 collection for dates 2020-06-19 to 2020-06-27
2025-07-08 13:52:46,635 - INFO - Fetching Sentinel-2 collection for dates 2020-07-21 to 2020-07-29
2025-07-08 13:52:47,265 - INFO - Fetching Sentinel-2 collection for dates 2020-08-06 to 2020-08-14
2025-07-08 13:52:49,346 - INFO - Fetching Sentinel-2 collection for dates 2020-08-22 to 2020-08-30
2025-07-08 13:52:49,788 - INFO - Fetching Sentinel-2 collection for dates 2020-09-07 to 2020-09-15
2025-07-08 13:52:51,090 - INFO - Fetching Sentinel-2 collection for dates 2020-10-09 to 2020-10-17
2025-07-08 13:52:52,525 - INFO - Fetching Sentinel-2 collection for dates 2020-10-25 to 2020-11-02
2025-07-08 13:52:53,031 - INFO - Fetching Sentinel-2 collection for dates 2020-12-28 to 2021-01-05
2025-07-08 13:52:53,594 - INFO - Fetching Sentinel-2 collection for dates 2021-01-13 to 2021-01-21
2025-07-08 13:52:54,112 - INFO - Fetching Sentinel-2 collection for dates 2021-01-29 to 2021-02-06
2025-07-08 13:52:55,524 - INFO - Fetching Sentinel-2 collection for dates 2021-02-14 to 2021-02-22
2025-07-08 13:52:56,078 - INFO - Fetching Sentinel-2 collection for dates 2021-03-18 to 2021-03-26
2025-07-08 13:52:56,597 - INFO - Fetching Sentinel-2 collection for dates 2021-04-03 to 2021-04-11
2025-07-08 13:52:57,922 - INFO - Fetching Sentinel-2 collection for dates 2021-04-19 to 2021-04-27
2025-07-08 13:52:58,422 - INFO - Fetching Sentinel-2 collection for dates 2021-05-05 to 2021-05-13
2025-07-08 13:52:58,934 - INFO - Fetching Sentinel-2 collection for dates 2021-06-06 to 2021-06-14
2025-07-08 13:52:59,435 - INFO - Fetching Sentinel-2 collection for dates 2021-06-22 to 2021-06-30
2025-07-08 13:53:00,791 - INFO - Fetching Sentinel-2 collection for dates 2021-07-08 to 2021-07-16
2025-07-08 13:53:01,278 - INFO - Fetching Sentinel-2 collection for dates 2021-07-24 to 2021-08-01
2025-07-08 13:53:01,914 - INFO - Fetching Sentinel-2 collection for dates 2021-08-25 to 2021-09-02
2025-07-08 13:53:03,276 - INFO - Fetching Sentinel-2 collection for dates 2021-09-10 to 2021-09-18
2025-07-08 13:53:04,619 - INFO - Fetching Sentinel-2 collection for dates 2021-09-26 to 2021-10-04
2025-07-08 13:53:05,445 - INFO - Fetching Sentinel-2 collection for dates 2021-11-13 to 2021-11-21
2025-07-08 13:53:05,939 - INFO - Fetching Sentinel-2 collection for dates 2021-11-29 to 2021-12-07
2025-07-08 13:53:06,421 - INFO - Fetching Sentinel-2 collection for dates 2021-12-31 to 2022-01-08
2025-07-08 13:53:07,859 - INFO - Fetching Sentinel-2 collection for dates 2022-02-01 to 2022-02-09
2025-07-08 13:53:09,213 - INFO - Fetching Sentinel-2 collection for dates 2022-03-05 to 2022-03-13
2025-07-08 13:53:09,763 - INFO - Fetching Sentinel-2 collection for dates 2022-03-21 to 2022-03-29
2025-07-08 13:55:33,640 - INFO - Loaded grid GeoJSON from: Grid_50K_MatchedDates.geojson containing 604 features.
2025-07-08 13:55:33,640 - INFO - Processing feature 1/604
2025-07-08 13:55:33,641 - INFO - --- Starting S2 retrieval process for ROI 'D-49-49-A' for 1 specific dates ---
2025-07-08 13:55:34,212 - INFO - Fetching Sentinel-2 collection for dates 2018-01-07 to 2018-01-11
2025-07-08 13:55:34,760 - INFO - Initial Sentinel-2 collection size (before cloud masking): 2
2025-07-08 13:55:35,905 - INFO - Found 1 valid 8-day S2 composites for ROI 'D-49-49-A' for download.
2025-07-08 13:55:36,473 - INFO - Created output folder for downloads: s2_data_output/D-49-49-A/D-49-49-A_S2_8days
2025-07-08 13:55:40,954 - CRITICAL - An error occurred during the example run: Total request size (279023616 bytes) must be less than or equal to 50331648 bytes.
Traceback (most recent call last):
  File "/mnt/hdd12tb/code/nhatvm/DELAG_main/.venv/lib/python3.10/site-packages/ee/data.py", line 408, in _execute_cloud_call
    return call.execute(num_retries=num_retries)
  File "/mnt/hdd12tb/code/nhatvm/DELAG_main/.venv/lib/python3.10/site-packages/googleapiclient/_helpers.py", line 130, in positional_wrapper
    return wrapped(*args, **kwargs)
  File "/mnt/hdd12tb/code/nhatvm/DELAG_main/.venv/lib/python3.10/site-packages/googleapiclient/http.py", line 938, in execute
    raise HttpError(resp, content, uri=self.uri)
googleapiclient.errors.HttpError: <HttpError 400 when requesting https://earthengine.googleapis.com/v1/projects/ee-hadat-461702-p4/thumbnails?fields=name&alt=json returned "Total request size (279023616 bytes) must be less than or equal to 50331648 bytes.". Details: "Total request size (279023616 bytes) must be less than or equal to 50331648 bytes.">

During handling of the above exception, another exception occurred:

Traceback (most recent call last):
  File "/mnt/hdd12tb/code/nhatvm/DELAG_main/ndvi_retrieval.py", line 322, in <module>
    main_s2_retrieval(target_composite_dates, roi_geometry, roi_name, big_folder)
  File "/mnt/hdd12tb/code/nhatvm/DELAG_main/ndvi_retrieval.py", line 263, in main_s2_retrieval
    download_s2_bands(valid_s2_composites, big_folder, roi, 'S2_8days_', roi_name, f'{roi_name.split("_")[0]}_S2_8days')
  File "/mnt/hdd12tb/code/nhatvm/DELAG_main/ndvi_retrieval.py", line 139, in download_s2_bands
    download_url = image_to_download.getDownloadURL(params)
  File "/mnt/hdd12tb/code/nhatvm/DELAG_main/.venv/lib/python3.10/site-packages/ee/image.py", line 510, in getDownloadURL
    return data.makeDownloadUrl(data.getDownloadId(request))
  File "/mnt/hdd12tb/code/nhatvm/DELAG_main/.venv/lib/python3.10/site-packages/ee/data.py", line 1380, in getDownloadId
    result = _execute_cloud_call(
  File "/mnt/hdd12tb/code/nhatvm/DELAG_main/.venv/lib/python3.10/site-packages/ee/data.py", line 410, in _execute_cloud_call
    raise _translate_cloud_exception(e)  # pylint: disable=raise-missing-from
ee.ee_exception.EEException: Total request size (279023616 bytes) must be less than or equal to 50331648 bytes.
2025-07-08 13:55:40,958 - INFO - Example run finished.
2025-07-08 14:01:49,811 - INFO - Loaded grid GeoJSON from: Grid_50K_MatchedDates.geojson containing 604 features.
2025-07-08 14:01:49,811 - INFO - Processing feature 1/604
2025-07-08 14:01:49,812 - INFO - --- Starting S2 retrieval process for ROI 'D-49-49-A' for 1 specific dates ---
2025-07-08 14:01:51,192 - INFO - Fetching Sentinel-2 collection for dates 2018-01-07 to 2018-01-11
2025-07-08 14:01:51,768 - INFO - Initial Sentinel-2 collection size (before cloud masking): 2
2025-07-08 14:01:52,227 - INFO - Found 1 valid 8-day S2 composites for ROI 'D-49-49-A' for download.
2025-07-08 14:01:54,938 - INFO - Starting per-band download for 2018-01-09 (attempt 1/3)...
2025-07-08 14:02:43,006 - INFO - All bands for 2018-01-09 downloaded. Merging into single GeoTIFF...
2025-07-08 14:02:43,013 - INFO - GDAL signalled an error: err_no=4, msg="`/tmp/tmpajxwlbqd/B4.tif' not recognized as being in a supported file format."
2025-07-08 14:02:43,014 - ERROR - Unhandled error during download or processing for 2018-01-09 (attempt 1/3): '/tmp/tmpajxwlbqd/B4.tif' not recognized as being in a supported file format.
Traceback (most recent call last):
  File "rasterio/_base.pyx", line 310, in rasterio._base.DatasetBase.__init__
  File "rasterio/_base.pyx", line 221, in rasterio._base.open_dataset
  File "rasterio/_err.pyx", line 359, in rasterio._err.exc_wrap_pointer
rasterio._err.CPLE_OpenFailedError: '/tmp/tmpajxwlbqd/B4.tif' not recognized as being in a supported file format.

During handling of the above exception, another exception occurred:

Traceback (most recent call last):
  File "/mnt/hdd12tb/code/nhatvm/DELAG_main/ndvi_retrieval.py", line 169, in download_s2_bands
    with rasterio.open(downloaded_band_paths[0]) as src0:
  File "/mnt/hdd12tb/code/nhatvm/DELAG_main/.venv/lib/python3.10/site-packages/rasterio/env.py", line 463, in wrapper
    return f(*args, **kwds)
  File "/mnt/hdd12tb/code/nhatvm/DELAG_main/.venv/lib/python3.10/site-packages/rasterio/__init__.py", line 356, in open
    dataset = DatasetReader(path, driver=driver, sharing=sharing, **kwargs)
  File "rasterio/_base.pyx", line 312, in rasterio._base.DatasetBase.__init__
rasterio.errors.RasterioIOError: '/tmp/tmpajxwlbqd/B4.tif' not recognized as being in a supported file format.
2025-07-08 14:02:43,019 - INFO - Retrying download for 2018-01-09...
2025-07-08 14:02:48,024 - INFO - Starting per-band download for 2018-01-09 (attempt 2/3)...
2025-07-08 14:03:38,038 - INFO - All bands for 2018-01-09 downloaded. Merging into single GeoTIFF...
2025-07-08 14:03:38,040 - INFO - GDAL signalled an error: err_no=4, msg="`/tmp/tmplieo1ssz/B4.tif' not recognized as being in a supported file format."
2025-07-08 14:03:38,040 - ERROR - Unhandled error during download or processing for 2018-01-09 (attempt 2/3): '/tmp/tmplieo1ssz/B4.tif' not recognized as being in a supported file format.
Traceback (most recent call last):
  File "rasterio/_base.pyx", line 310, in rasterio._base.DatasetBase.__init__
  File "rasterio/_base.pyx", line 221, in rasterio._base.open_dataset
  File "rasterio/_err.pyx", line 359, in rasterio._err.exc_wrap_pointer
rasterio._err.CPLE_OpenFailedError: '/tmp/tmplieo1ssz/B4.tif' not recognized as being in a supported file format.

During handling of the above exception, another exception occurred:

Traceback (most recent call last):
  File "/mnt/hdd12tb/code/nhatvm/DELAG_main/ndvi_retrieval.py", line 169, in download_s2_bands
    with rasterio.open(downloaded_band_paths[0]) as src0:
  File "/mnt/hdd12tb/code/nhatvm/DELAG_main/.venv/lib/python3.10/site-packages/rasterio/env.py", line 463, in wrapper
    return f(*args, **kwds)
  File "/mnt/hdd12tb/code/nhatvm/DELAG_main/.venv/lib/python3.10/site-packages/rasterio/__init__.py", line 356, in open
    dataset = DatasetReader(path, driver=driver, sharing=sharing, **kwargs)
  File "rasterio/_base.pyx", line 312, in rasterio._base.DatasetBase.__init__
rasterio.errors.RasterioIOError: '/tmp/tmplieo1ssz/B4.tif' not recognized as being in a supported file format.
2025-07-08 14:03:38,044 - INFO - Retrying download for 2018-01-09...
2025-07-08 14:03:48,055 - INFO - Starting per-band download for 2018-01-09 (attempt 3/3)...
2025-07-08 14:04:36,528 - INFO - All bands for 2018-01-09 downloaded. Merging into single GeoTIFF...
2025-07-08 14:04:36,529 - INFO - GDAL signalled an error: err_no=4, msg="`/tmp/tmpk07fnc5b/B4.tif' not recognized as being in a supported file format."
2025-07-08 14:04:36,529 - ERROR - Unhandled error during download or processing for 2018-01-09 (attempt 3/3): '/tmp/tmpk07fnc5b/B4.tif' not recognized as being in a supported file format.
Traceback (most recent call last):
  File "rasterio/_base.pyx", line 310, in rasterio._base.DatasetBase.__init__
  File "rasterio/_base.pyx", line 221, in rasterio._base.open_dataset
  File "rasterio/_err.pyx", line 359, in rasterio._err.exc_wrap_pointer
rasterio._err.CPLE_OpenFailedError: '/tmp/tmpk07fnc5b/B4.tif' not recognized as being in a supported file format.

During handling of the above exception, another exception occurred:

Traceback (most recent call last):
  File "/mnt/hdd12tb/code/nhatvm/DELAG_main/ndvi_retrieval.py", line 169, in download_s2_bands
    logging.warning(f"GEE Error Payload: {error_payload}")
  File "/mnt/hdd12tb/code/nhatvm/DELAG_main/.venv/lib/python3.10/site-packages/rasterio/env.py", line 463, in wrapper
    return f(*args, **kwds)
  File "/mnt/hdd12tb/code/nhatvm/DELAG_main/.venv/lib/python3.10/site-packages/rasterio/__init__.py", line 356, in open
    dataset = DatasetReader(path, driver=driver, sharing=sharing, **kwargs)
  File "rasterio/_base.pyx", line 312, in rasterio._base.DatasetBase.__init__
rasterio.errors.RasterioIOError: '/tmp/tmpk07fnc5b/B4.tif' not recognized as being in a supported file format.
2025-07-08 14:04:36,534 - ERROR - Failed to download and process S2 bands for 2018-01-09 after 3 attempts.
2025-07-08 14:04:36,535 - INFO - --- S2 retrieval process finished for ROI 'D-49-49-A'. ---
2025-07-08 14:04:36,536 - INFO - Example run finished.
2025-07-08 14:05:50,192 - INFO - Loaded grid GeoJSON from: Grid_50K_MatchedDates.geojson containing 604 features.
2025-07-08 14:05:50,192 - INFO - Processing feature 1/604
2025-07-08 14:05:50,193 - INFO - --- Starting S2 retrieval process for ROI 'D-49-49-A' for 1 specific dates ---
2025-07-08 14:05:52,324 - INFO - Fetching Sentinel-2 collection for dates 2018-01-07 to 2018-01-11
2025-07-08 14:05:53,861 - INFO - Initial Sentinel-2 collection size (before cloud masking): 2
2025-07-08 14:05:54,351 - INFO - Found 1 valid 8-day S2 composites for ROI 'D-49-49-A' for download.
2025-07-08 14:05:57,349 - INFO - Starting per-band download for 2018-01-09 (attempt 1/3)...
2025-07-08 14:06:08,209 - WARNING - Download failed for band B4 of 2018-01-09 (Status: 200). Expected image, got 'application/zip'.
2025-07-08 14:06:08,936 - WARNING - GEE Response Content (first 500 chars): PK
    ï¿½ ï¿½Z pï¿½ï¿½N N    download.B4.tifMM *         ï¿½      ï¿½       @      ï¿½ï¿½                       ï¿½       ï¿½(       B       C       D       ï¿½E       S       ï¿½ï¿½      `ï¿½ï¿½      ï¿½                      ï¿½ ï¿½) ï¿½r ï¿½B Õ½ 
ï¿½ ï¿½z ï¿½ï¿½ ï¿½q ï¿½X ï¿½ï¿½ ï¿½& 	ï¿½ Da oï¿½ ï¿½ï¿½ ï¿½ ï¿½I >ï¿½ ï¿½{ ï¿½Z ï¿½c &U ï¿½ ï¿½ï¿½ ï¿½w JW ;z :ï¿½ +#  Þ€?1ï¿½^nï¿½                @Zï¿½ï¿½CeW<        ï¿½1ï¿½^nï¿½        @+ï¿½ï¿½ï¿½a                                            
2025-07-08 14:06:08,937 - INFO - Retrying download for 2018-01-09...
2025-07-08 14:06:13,941 - INFO - Starting per-band download for 2018-01-09 (attempt 2/3)...
2025-07-08 14:06:27,298 - WARNING - Download failed for band B4 of 2018-01-09 (Status: 200). Expected image, got 'application/zip'.
2025-07-08 14:06:27,896 - WARNING - GEE Response Content (first 500 chars): PK
    ï¿½ ï¿½Z pï¿½ï¿½N N    download.B4.tifMM *         ï¿½      ï¿½       @      ï¿½ï¿½                       ï¿½       ï¿½(       B       C       D       ï¿½E       S       ï¿½ï¿½      `ï¿½ï¿½      ï¿½                      ï¿½ ï¿½) ï¿½r ï¿½B Õ½ 
ï¿½ ï¿½z ï¿½ï¿½ ï¿½q ï¿½X ï¿½ï¿½ ï¿½& 	ï¿½ Da oï¿½ ï¿½ï¿½ ï¿½ ï¿½I >ï¿½ ï¿½{ ï¿½Z ï¿½c &U ï¿½ ï¿½ï¿½ ï¿½w JW ;z :ï¿½ +#  Þ€?1ï¿½^nï¿½                @Zï¿½ï¿½CeW<        ï¿½1ï¿½^nï¿½        @+ï¿½ï¿½ï¿½a                                            
2025-07-08 14:06:27,896 - INFO - Retrying download for 2018-01-09...
2025-07-08 14:06:37,907 - INFO - Starting per-band download for 2018-01-09 (attempt 3/3)...
2025-07-08 14:06:49,738 - WARNING - Download failed for band B4 of 2018-01-09 (Status: 200). Expected image, got 'application/zip'.
2025-07-08 14:06:50,341 - WARNING - GEE Response Content (first 500 chars): PK
    ï¿½ ï¿½Z pï¿½ï¿½N N    download.B4.tifMM *         ï¿½      ï¿½       @      ï¿½ï¿½                       ï¿½       ï¿½(       B       C       D       ï¿½E       S       ï¿½ï¿½      `ï¿½ï¿½      ï¿½                      ï¿½ ï¿½) ï¿½r ï¿½B Õ½ 
ï¿½ ï¿½z ï¿½ï¿½ ï¿½q ï¿½X ï¿½ï¿½ ï¿½& 	ï¿½ Da oï¿½ ï¿½ï¿½ ï¿½ ï¿½I >ï¿½ ï¿½{ ï¿½Z ï¿½c &U ï¿½ ï¿½ï¿½ ï¿½w JW ;z :ï¿½ +#  Þ€?1ï¿½^nï¿½                @Zï¿½ï¿½CeW<        ï¿½1ï¿½^nï¿½        @+ï¿½ï¿½ï¿½a                                            
2025-07-08 14:06:50,342 - ERROR - Failed to download and process S2 bands for 2018-01-09 after 3 attempts.
2025-07-08 14:06:50,342 - INFO - --- S2 retrieval process finished for ROI 'D-49-49-A'. ---
2025-07-08 14:06:50,343 - INFO - Example run finished.
2025-07-08 14:08:20,945 - INFO - Loaded grid GeoJSON from: Grid_50K_MatchedDates.geojson containing 604 features.
2025-07-08 14:08:20,945 - INFO - Processing feature 1/604
2025-07-08 14:08:20,946 - INFO - --- Starting S2 retrieval process for ROI 'D-49-49-A' for 1 specific dates ---
2025-07-08 14:08:23,056 - INFO - Fetching Sentinel-2 collection for dates 2018-01-09 to 2018-01-09
2025-07-08 14:08:24,289 - INFO - Initial Sentinel-2 collection size (before cloud masking): 2
2025-07-08 14:08:24,773 - INFO - Found 1 valid 8-day S2 composites for ROI 'D-49-49-A' for download.
2025-07-08 14:08:30,626 - INFO - Starting per-band download for 2018-01-09 (attempt 1/3)...
2025-07-08 14:08:43,493 - INFO - Received ZIP file for band B4, unpacking...
2025-07-08 14:08:56,273 - INFO - Received ZIP file for band B3, unpacking...
2025-07-08 14:09:08,354 - INFO - Received ZIP file for band B2, unpacking...
2025-07-08 14:09:19,135 - INFO - Received ZIP file for band B8, unpacking...
2025-07-08 14:09:19,148 - INFO - All bands for 2018-01-09 downloaded. Merging into single GeoTIFF...
2025-07-08 14:09:21,337 - INFO - Successfully created multi-band GeoTIFF for 2018-01-09 at s2_data_output/D-49-49-A/D-49-49-A_S2_8days/S2_8days_2018-01-09.tif
2025-07-08 14:09:21,351 - INFO - --- S2 retrieval process finished for ROI 'D-49-49-A'. ---
2025-07-08 14:09:21,352 - INFO - Example run finished.
2025-07-08 14:18:11,292 - INFO - Loaded grid GeoJSON from: Grid_50K_MatchedDates.geojson containing 604 features.
2025-07-08 14:18:11,292 - INFO - Processing feature 1/604
2025-07-08 14:18:11,293 - INFO - --- Starting S2 retrieval process for ROI 'D-49-49-A' for 1 specific dates ---
2025-07-08 14:18:11,841 - INFO - Fetching Sentinel-2 collection for dates 2018-01-09 to 2018-01-09
2025-07-08 14:18:13,058 - INFO - Initial Sentinel-2 collection size (before cloud masking): 2
2025-07-08 14:18:13,788 - INFO - Found 1 valid 8-day S2 composites for ROI 'D-49-49-A' for download.
2025-07-08 14:18:15,929 - INFO - Skipping download for 2018-01-09, file already exists: s2_data_output/D-49-49-A/D-49-49-A_S2_8days/S2_8days_2018-01-09.tif
2025-07-08 14:18:15,929 - INFO - --- S2 retrieval process finished for ROI 'D-49-49-A'. ---
2025-07-08 14:18:15,930 - INFO - Example run finished.
2025-07-08 14:41:51,796 - INFO - Earth Engine initialized successfully.
2025-07-08 14:41:51,797 - INFO - Searching for feature with PhienHieu 'D-49-49-A' in Grid_50K_MatchedDates.geojson...
2025-07-08 14:41:51,847 - INFO - Feature 'D-49-49-A' found.
2025-07-08 14:41:51,849 - INFO - ==================================================
2025-07-08 14:41:51,849 - INFO - Starting LST data retrieval for ROI 'D-49-49-A'...
2025-07-08 14:41:51,850 - INFO - LST retrieval period: 2018-01-09 to 2025-06-21
2025-07-08 15:05:59,543 - INFO - Earth Engine initialized successfully.
2025-07-08 15:05:59,543 - INFO - Searching for feature with PhienHieu 'D-49-49-A' in Grid_50K_MatchedDates.geojson...
2025-07-08 15:05:59,592 - INFO - Feature 'D-49-49-A' found.
2025-07-08 15:05:59,593 - INFO - ==================================================
2025-07-08 15:05:59,593 - INFO - Starting LST data retrieval for ROI 'D-49-49-A'...
2025-07-08 15:05:59,593 - INFO - LST retrieval period (TEST MODE): 2018-01-09 to 2018-01-09
2025-07-08 15:06:00,050 - CRITICAL - An error occurred during LST retrieval for 'D-49-49-A': Collection.reduceColumns: Empty date ranges not supported for the current operation.
Traceback (most recent call last):
  File "/mnt/hdd12tb/code/nhatvm/DELAG_main/.venv/lib/python3.10/site-packages/ee/data.py", line 408, in _execute_cloud_call
    return call.execute(num_retries=num_retries)
  File "/mnt/hdd12tb/code/nhatvm/DELAG_main/.venv/lib/python3.10/site-packages/googleapiclient/_helpers.py", line 130, in positional_wrapper
    return wrapped(*args, **kwargs)
  File "/mnt/hdd12tb/code/nhatvm/DELAG_main/.venv/lib/python3.10/site-packages/googleapiclient/http.py", line 938, in execute
    raise HttpError(resp, content, uri=self.uri)
googleapiclient.errors.HttpError: <HttpError 400 when requesting https://earthengine.googleapis.com/v1/projects/ee-hadat-461702-p4/value:compute?prettyPrint=false&alt=json returned "Collection.reduceColumns: Empty date ranges not supported for the current operation.". Details: "Collection.reduceColumns: Empty date ranges not supported for the current operation.">

During handling of the above exception, another exception occurred:

Traceback (most recent call last):
  File "/mnt/hdd12tb/code/nhatvm/DELAG_main/data_retrieval_orchestrator.py", line 114, in main
    lst_retrive(start_date_lst, end_date_lst, roi_geometry_ee, roi_name, args.output_folder)
  File "/mnt/hdd12tb/code/nhatvm/DELAG_main/lst_retrieval.py", line 30, in lst_retrive
    imageCount = LandsatColl.size().getInfo()
  File "/mnt/hdd12tb/code/nhatvm/DELAG_main/.venv/lib/python3.10/site-packages/ee/computedobject.py", line 107, in getInfo
    return data.computeValue(self)
  File "/mnt/hdd12tb/code/nhatvm/DELAG_main/.venv/lib/python3.10/site-packages/ee/data.py", line 1128, in computeValue
    return _execute_cloud_call(
  File "/mnt/hdd12tb/code/nhatvm/DELAG_main/.venv/lib/python3.10/site-packages/ee/data.py", line 410, in _execute_cloud_call
    raise _translate_cloud_exception(e)  # pylint: disable=raise-missing-from
ee.ee_exception.EEException: Collection.reduceColumns: Empty date ranges not supported for the current operation.
2025-07-08 15:06:00,051 - INFO - ==================================================
2025-07-08 15:06:00,052 - INFO - Starting Sentinel-2 data retrieval for ROI 'D-49-49-A'...
2025-07-08 15:06:00,052 - INFO - Requesting S2 composites for 1 specific date (TEST MODE).
2025-07-08 15:06:00,052 - INFO - --- Starting S2 retrieval process for ROI 'D-49-49-A' for 1 specific dates ---
2025-07-08 15:06:00,759 - INFO - Fetching Sentinel-2 collection for dates 2018-01-09 to 2018-01-09
2025-07-08 15:06:01,215 - INFO - Initial Sentinel-2 collection size (before cloud masking): 2
2025-07-08 15:06:01,733 - INFO - Found 1 valid 8-day S2 composites for ROI 'D-49-49-A' for download.
2025-07-08 15:06:02,333 - INFO - Created output folder for downloads: retrieved_data/D-49-49-A/D-49-49-A_S2_8days
2025-07-08 15:06:05,028 - INFO - Starting per-band download for 2018-01-09 (attempt 1/3)...
2025-07-08 15:06:16,977 - INFO - Received ZIP file for band B4, unpacking...
2025-07-08 15:06:32,207 - INFO - Received ZIP file for band B3, unpacking...
2025-07-08 15:06:44,792 - INFO - Received ZIP file for band B2, unpacking...
2025-07-08 15:06:56,627 - INFO - Received ZIP file for band B8, unpacking...
2025-07-08 15:06:56,640 - INFO - All bands for 2018-01-09 downloaded. Merging into single GeoTIFF...
2025-07-08 15:06:58,837 - INFO - Successfully created multi-band GeoTIFF for 2018-01-09 at retrieved_data/D-49-49-A/D-49-49-A_S2_8days/S2_8days_2018-01-09.tif
2025-07-08 15:06:58,841 - INFO - --- S2 retrieval process finished for ROI 'D-49-49-A'. ---
2025-07-08 15:06:58,842 - INFO - Sentinel-2 data retrieval finished for ROI 'D-49-49-A'.
2025-07-08 15:06:58,842 - INFO - ==================================================
2025-07-08 15:06:58,842 - INFO - Data retrieval orchestration finished.
2025-07-08 15:09:39,633 - INFO - Earth Engine initialized successfully.
2025-07-08 15:09:39,633 - INFO - Searching for feature with PhienHieu 'D-49-49-A' in Grid_50K_MatchedDates.geojson...
2025-07-08 15:09:39,676 - INFO - Feature 'D-49-49-A' found.
2025-07-08 15:09:39,677 - INFO - ==================================================
2025-07-08 15:09:39,677 - INFO - Starting LST data retrieval for ROI 'D-49-49-A'...
2025-07-08 15:09:39,677 - INFO - LST retrieval period (TEST MODE): 2018-01-09 to 2018-01-25
2025-07-08 15:09:43,695 - INFO - LST data retrieval finished for ROI 'D-49-49-A'.
2025-07-08 15:09:43,696 - INFO - ==================================================
2025-07-08 15:09:43,696 - INFO - Starting Sentinel-2 data retrieval for ROI 'D-49-49-A'...
2025-07-08 15:09:43,696 - INFO - Requesting S2 composites for 1 specific date (TEST MODE).
2025-07-08 15:09:43,696 - INFO - --- Starting S2 retrieval process for ROI 'D-49-49-A' for 1 specific dates ---
2025-07-08 15:09:44,229 - INFO - Fetching Sentinel-2 collection for dates 2018-01-09 to 2018-01-09
2025-07-08 15:09:44,786 - INFO - Initial Sentinel-2 collection size (before cloud masking): 2
2025-07-08 15:09:45,311 - INFO - Found 1 valid 8-day S2 composites for ROI 'D-49-49-A' for download.
2025-07-08 15:09:48,291 - INFO - Skipping download for 2018-01-09, file already exists: retrieved_data/D-49-49-A/D-49-49-A_S2_8days/S2_8days_2018-01-09.tif
2025-07-08 15:09:48,292 - INFO - --- S2 retrieval process finished for ROI 'D-49-49-A'. ---
2025-07-08 15:09:48,292 - INFO - Sentinel-2 data retrieval finished for ROI 'D-49-49-A'.
2025-07-08 15:09:48,292 - INFO - ==================================================
2025-07-08 15:09:48,292 - INFO - Data retrieval orchestration finished.
2025-07-08 15:10:20,934 - INFO - Earth Engine initialized successfully.
2025-07-08 15:10:20,935 - INFO - Searching for feature with PhienHieu 'D-49-49-A' in Grid_50K_MatchedDates.geojson...
2025-07-08 15:10:20,977 - INFO - Feature 'D-49-49-A' found.
2025-07-08 15:10:20,978 - INFO - ==================================================
2025-07-08 15:10:20,978 - INFO - Starting LST data retrieval for ROI 'D-49-49-A'...
2025-07-08 15:10:20,979 - INFO - LST retrieval period (TEST MODE): 2018-01-09 to 2018-01-25
2025-07-08 15:10:28,106 - INFO - LST data retrieval finished for ROI 'D-49-49-A'.
2025-07-08 15:10:28,106 - INFO - ==================================================
2025-07-08 15:10:28,106 - INFO - Starting Sentinel-2 data retrieval for ROI 'D-49-49-A'...
2025-07-08 15:10:28,106 - INFO - Requesting S2 composites for 1 specific date (TEST MODE).
2025-07-08 15:10:28,107 - INFO - --- Starting S2 retrieval process for ROI 'D-49-49-A' for 1 specific dates ---
2025-07-08 15:10:28,635 - INFO - Fetching Sentinel-2 collection for dates 2018-01-09 to 2018-01-09
2025-07-08 15:10:29,127 - INFO - Initial Sentinel-2 collection size (before cloud masking): 2
2025-07-08 15:10:29,764 - INFO - Found 1 valid 8-day S2 composites for ROI 'D-49-49-A' for download.
2025-07-08 15:10:30,244 - INFO - Created output folder for downloads: retrieved_data/D-49-49-A/D-49-49-A_S2_8days
2025-07-08 15:10:32,716 - INFO - Starting per-band download for 2018-01-09 (attempt 1/3)...
2025-07-08 15:10:46,463 - INFO - Received ZIP file for band B4, unpacking...
2025-07-08 15:11:01,355 - INFO - Received ZIP file for band B3, unpacking...
2025-07-08 15:11:15,303 - INFO - Received ZIP file for band B2, unpacking...
2025-07-08 15:11:23,338 - INFO - Received ZIP file for band B8, unpacking...
2025-07-08 15:11:23,351 - INFO - All bands for 2018-01-09 downloaded. Merging into single GeoTIFF...
2025-07-08 15:11:25,543 - INFO - Successfully created multi-band GeoTIFF for 2018-01-09 at retrieved_data/D-49-49-A/D-49-49-A_S2_8days/S2_8days_2018-01-09.tif
2025-07-08 15:11:25,549 - INFO - --- S2 retrieval process finished for ROI 'D-49-49-A'. ---
2025-07-08 15:11:25,549 - INFO - Sentinel-2 data retrieval finished for ROI 'D-49-49-A'.
2025-07-08 15:11:25,549 - INFO - ==================================================
2025-07-08 15:11:25,549 - INFO - Data retrieval orchestration finished.
2025-07-08 15:20:57,654 - INFO - Skipping S2 download for 2018-01-09: file already exists.
2025-07-08 15:27:06,065 - INFO - Skipping S2 download for 2018-01-09: file already exists.
2025-07-08 15:28:05,770 - INFO - Successfully downloaded S2 image for 2018-02-26.
2025-07-08 15:28:58,893 - INFO - Successfully downloaded S2 image for 2019-01-12.
2025-07-08 15:30:07,149 - INFO - Successfully downloaded S2 image for 2019-01-28.
2025-07-08 15:30:53,426 - INFO - Successfully downloaded S2 image for 2019-02-13.
2025-07-08 15:31:44,658 - INFO - Successfully downloaded S2 image for 2019-03-01.
2025-07-08 15:32:36,610 - INFO - Successfully downloaded S2 image for 2019-04-02.
2025-07-08 15:33:11,171 - INFO - Successfully downloaded S2 image for 2019-04-18.
2025-07-08 15:34:05,054 - INFO - Successfully downloaded S2 image for 2019-05-04.
2025-07-08 15:35:08,350 - INFO - Successfully downloaded S2 image for 2019-05-20.
2025-07-08 15:39:38,752 - INFO - Successfully downloaded S2 image for 2018-01-09.
2025-07-08 15:40:35,316 - INFO - Successfully downloaded S2 image for 2018-02-26.
2025-07-08 15:41:27,108 - INFO - Successfully downloaded S2 image for 2019-01-12.
2025-07-08 15:42:33,345 - INFO - Successfully downloaded S2 image for 2019-01-28.
2025-07-08 15:43:18,817 - INFO - Successfully downloaded S2 image for 2019-02-13.
2025-07-08 15:44:05,782 - INFO - Successfully downloaded S2 image for 2019-03-01.
2025-07-08 15:44:59,622 - INFO - Successfully downloaded S2 image for 2019-04-02.
2025-07-08 15:47:37,050 - CRITICAL - An error occurred during Sentinel-2 retrieval for 'D-49-49-A': Invalid JSON payload received. Unexpected token.
: {"constantValue": NaN}}}}, "22": {"fun
                    ^
Traceback (most recent call last):
  File "/mnt/hdd12tb/code/nhatvm/DELAG_main/.venv/lib/python3.10/site-packages/ee/data.py", line 408, in _execute_cloud_call
    return call.execute(num_retries=num_retries)
  File "/mnt/hdd12tb/code/nhatvm/DELAG_main/.venv/lib/python3.10/site-packages/googleapiclient/_helpers.py", line 130, in positional_wrapper
    return wrapped(*args, **kwargs)
  File "/mnt/hdd12tb/code/nhatvm/DELAG_main/.venv/lib/python3.10/site-packages/googleapiclient/http.py", line 938, in execute
    raise HttpError(resp, content, uri=self.uri)
googleapiclient.errors.HttpError: <HttpError 400 when requesting https://earthengine.googleapis.com/v1/projects/ee-hadat-461702-p4/value:compute?prettyPrint=false&alt=json returned "Invalid JSON payload received. Unexpected token.
: {"constantValue": NaN}}}}, "22": {"fun
                    ^". Details: "Invalid JSON payload received. Unexpected token.
: {"constantValue": NaN}}}}, "22": {"fun
                    ^">

During handling of the above exception, another exception occurred:

Traceback (most recent call last):
  File "/mnt/hdd12tb/code/nhatvm/DELAG_main/data_retrieval_orchestrator.py", line 133, in main
    main_s2_retrieval(target_composite_dates_s2, roi_geometry_ee, roi_name, args.output_folder)
  File "/mnt/hdd12tb/code/nhatvm/DELAG_main/s2_retrieval.py", line 277, in main_s2_retrieval
    valid_composites_count = valid_s2_composites.size().getInfo()
  File "/mnt/hdd12tb/code/nhatvm/DELAG_main/.venv/lib/python3.10/site-packages/ee/computedobject.py", line 107, in getInfo
    return data.computeValue(self)
  File "/mnt/hdd12tb/code/nhatvm/DELAG_main/.venv/lib/python3.10/site-packages/ee/data.py", line 1128, in computeValue
    return _execute_cloud_call(
  File "/mnt/hdd12tb/code/nhatvm/DELAG_main/.venv/lib/python3.10/site-packages/ee/data.py", line 410, in _execute_cloud_call
    raise _translate_cloud_exception(e)  # pylint: disable=raise-missing-from
ee.ee_exception.EEException: Invalid JSON payload received. Unexpected token.
: {"constantValue": NaN}}}}, "22": {"fun
                    ^
2025-07-08 15:58:48,144 - CRITICAL - An error occurred during Sentinel-2 retrieval for 'D-49-49-A': Invalid JSON payload received. Unexpected token.
: {"constantValue": NaN}}}}, "22": {"fun
                    ^
Traceback (most recent call last):
  File "/mnt/hdd12tb/code/nhatvm/DELAG_main/.venv/lib/python3.10/site-packages/ee/data.py", line 408, in _execute_cloud_call
    return call.execute(num_retries=num_retries)
  File "/mnt/hdd12tb/code/nhatvm/DELAG_main/.venv/lib/python3.10/site-packages/googleapiclient/_helpers.py", line 130, in positional_wrapper
    return wrapped(*args, **kwargs)
  File "/mnt/hdd12tb/code/nhatvm/DELAG_main/.venv/lib/python3.10/site-packages/googleapiclient/http.py", line 938, in execute
    raise HttpError(resp, content, uri=self.uri)
googleapiclient.errors.HttpError: <HttpError 400 when requesting https://earthengine.googleapis.com/v1/projects/ee-hadat-461702-p4/value:compute?prettyPrint=false&alt=json returned "Invalid JSON payload received. Unexpected token.
: {"constantValue": NaN}}}}, "22": {"fun
                    ^". Details: "Invalid JSON payload received. Unexpected token.
: {"constantValue": NaN}}}}, "22": {"fun
                    ^">

During handling of the above exception, another exception occurred:

Traceback (most recent call last):
  File "/mnt/hdd12tb/code/nhatvm/DELAG_main/data_retrieval_orchestrator.py", line 133, in main
    main_s2_retrieval(target_composite_dates_s2, roi_geometry_ee, roi_name, args.output_folder)
  File "/mnt/hdd12tb/code/nhatvm/DELAG_main/s2_retrieval.py", line 278, in main_s2_retrieval
    valid_composites_count = valid_s2_composites.size().getInfo()
  File "/mnt/hdd12tb/code/nhatvm/DELAG_main/.venv/lib/python3.10/site-packages/ee/computedobject.py", line 107, in getInfo
    return data.computeValue(self)
  File "/mnt/hdd12tb/code/nhatvm/DELAG_main/.venv/lib/python3.10/site-packages/ee/data.py", line 1128, in computeValue
    return _execute_cloud_call(
  File "/mnt/hdd12tb/code/nhatvm/DELAG_main/.venv/lib/python3.10/site-packages/ee/data.py", line 410, in _execute_cloud_call
    raise _translate_cloud_exception(e)  # pylint: disable=raise-missing-from
ee.ee_exception.EEException: Invalid JSON payload received. Unexpected token.
: {"constantValue": NaN}}}}, "22": {"fun
                    ^
2025-07-08 16:06:29,270 - CRITICAL - An error occurred during Sentinel-2 retrieval for 'D-49-49-A': Invalid JSON payload received. Unexpected token.
: {"constantValue": NaN}}}}, "22": {"fun
                    ^
Traceback (most recent call last):
  File "/mnt/hdd12tb/code/nhatvm/DELAG_main/.venv/lib/python3.10/site-packages/ee/data.py", line 408, in _execute_cloud_call
    return call.execute(num_retries=num_retries)
  File "/mnt/hdd12tb/code/nhatvm/DELAG_main/.venv/lib/python3.10/site-packages/googleapiclient/_helpers.py", line 130, in positional_wrapper
    return wrapped(*args, **kwargs)
  File "/mnt/hdd12tb/code/nhatvm/DELAG_main/.venv/lib/python3.10/site-packages/googleapiclient/http.py", line 938, in execute
    raise HttpError(resp, content, uri=self.uri)
googleapiclient.errors.HttpError: <HttpError 400 when requesting https://earthengine.googleapis.com/v1/projects/ee-hadat-461702-p4/value:compute?prettyPrint=false&alt=json returned "Invalid JSON payload received. Unexpected token.
: {"constantValue": NaN}}}}, "22": {"fun
                    ^". Details: "Invalid JSON payload received. Unexpected token.
: {"constantValue": NaN}}}}, "22": {"fun
                    ^">

During handling of the above exception, another exception occurred:

Traceback (most recent call last):
  File "/mnt/hdd12tb/code/nhatvm/DELAG_main/data_retrieval_orchestrator.py", line 133, in main
    main_s2_retrieval(target_composite_dates_s2, roi_geometry_ee, roi_name, args.output_folder)
  File "/mnt/hdd12tb/code/nhatvm/DELAG_main/s2_retrieval.py", line 278, in main_s2_retrieval
    valid_composites_count = valid_s2_composites.size().getInfo()
  File "/mnt/hdd12tb/code/nhatvm/DELAG_main/.venv/lib/python3.10/site-packages/ee/computedobject.py", line 107, in getInfo
    return data.computeValue(self)
  File "/mnt/hdd12tb/code/nhatvm/DELAG_main/.venv/lib/python3.10/site-packages/ee/data.py", line 1128, in computeValue
    return _execute_cloud_call(
  File "/mnt/hdd12tb/code/nhatvm/DELAG_main/.venv/lib/python3.10/site-packages/ee/data.py", line 410, in _execute_cloud_call
    raise _translate_cloud_exception(e)  # pylint: disable=raise-missing-from
ee.ee_exception.EEException: Invalid JSON payload received. Unexpected token.
: {"constantValue": NaN}}}}, "22": {"fun
                    ^
2025-07-08 16:11:13,076 - INFO - Successfully downloaded S2 image for 2018-01-09.
2025-07-08 16:12:09,483 - INFO - Successfully downloaded S2 image for 2018-02-26.
2025-07-08 16:14:59,979 - INFO - Successfully downloaded S2 image for 2018-01-09.
2025-07-08 16:15:50,190 - INFO - Successfully downloaded S2 image for 2018-02-26.
2025-07-08 16:16:49,435 - INFO - Successfully downloaded S2 image for 2019-01-12.
2025-07-08 16:17:47,949 - INFO - Successfully downloaded S2 image for 2019-01-28.
2025-07-08 16:41:40,656 - INFO - Skipping S2 download for 2018-01-09: file already exists.
2025-07-08 16:41:43,320 - INFO - Skipping S2 download for 2018-02-26: file already exists.
2025-07-08 16:41:46,176 - INFO - Skipping S2 download for 2019-01-12: file already exists.
2025-07-08 16:41:48,989 - INFO - Skipping S2 download for 2019-01-28: file already exists.
2025-07-08 16:42:32,871 - INFO - Successfully downloaded S2 image for 2019-02-13.
2025-07-08 16:43:26,988 - INFO - Successfully downloaded S2 image for 2019-03-01.
2025-07-08 16:44:16,304 - INFO - Successfully downloaded S2 image for 2019-04-02.
2025-07-08 16:44:45,982 - INFO - Successfully downloaded S2 image for 2019-04-18.
2025-07-08 16:45:43,968 - INFO - Successfully downloaded S2 image for 2019-05-04.
2025-07-08 16:46:18,677 - INFO - Successfully downloaded S2 image for 2019-05-20.
2025-07-08 17:40:49,205 - CRITICAL - Grid file not found at: Grid_50K_MatchedDates.geojson
2025-07-08 17:51:03,676 - INFO - Skipping S2 download for 2018-01-09: file already exists.
2025-07-08 17:51:10,787 - INFO - Skipping S2 download for 2018-02-26: file already exists.
2025-07-08 17:51:16,969 - INFO - Skipping S2 download for 2019-01-12: file already exists.
2025-07-08 17:51:23,376 - INFO - Skipping S2 download for 2019-01-28: file already exists.
2025-07-08 17:51:29,155 - INFO - Skipping S2 download for 2019-02-13: file already exists.
2025-07-08 17:51:36,320 - INFO - Skipping S2 download for 2019-03-01: file already exists.
2025-07-08 17:51:41,407 - INFO - Skipping S2 download for 2019-04-02: file already exists.
2025-07-08 17:51:47,752 - INFO - Skipping S2 download for 2019-04-18: file already exists.
2025-07-08 17:51:53,466 - INFO - Skipping S2 download for 2019-05-04: file already exists.
2025-07-08 17:51:58,814 - INFO - Skipping S2 download for 2019-05-20: file already exists.
2025-07-08 17:53:03,405 - INFO - Successfully downloaded S2 image for 2021-09-30.
2025-07-08 17:53:47,356 - INFO - Successfully downloaded S2 image for 2021-10-31.
2025-07-08 17:54:44,589 - INFO - Successfully downloaded S2 image for 2021-12-03.
2025-07-09 09:08:08,113 - CRITICAL - Grid file not found at: data_retrival_module/Grid_50K_MatchedDates.geojson
2025-07-09 09:08:36,723 - INFO - ==================================================
2025-07-09 09:08:36,723 - INFO - Starting LST data retrieval for ROI 'D-49-49-A'...
2025-07-09 09:08:36,723 - INFO - LST retrieval period: 2015-01-01 to 2025-01-01
2025-07-09 10:08:07,945 - INFO - ==================================================
2025-07-09 10:08:07,945 - INFO - Starting LST data retrieval for ROI 'D-49-49-A'...
2025-07-09 10:08:07,945 - INFO - LST retrieval period: 2015-01-01 to 2025-01-01
2025-07-09 11:19:41,843 - INFO - LST data retrieval finished for ROI 'D-49-49-A'.
2025-07-09 11:19:41,843 - INFO - ==================================================
2025-07-09 11:19:41,843 - INFO - Starting ERA5 data retrieval for ROI 'D-49-49-A'...
2025-07-09 11:31:09,973 - INFO - ERA5 data retrieval finished for ROI 'D-49-49-A'.
2025-07-09 11:31:09,973 - INFO - ==================================================
2025-07-09 11:31:09,973 - INFO - Starting Sentinel-2 data retrieval for ROI 'D-49-49-A'...
2025-07-09 11:31:09,983 - INFO - Requesting S2 composites for 281 dates based on LST files.
2025-07-09 11:32:12,619 - INFO - Skipping S2 download for 2018-01-09: file already exists.
2025-07-09 11:32:54,418 - INFO - Skipping S2 download for 2018-02-26: file already exists.
2025-07-09 11:33:25,187 - INFO - Skipping S2 download for 2019-01-12: file already exists.
2025-07-09 11:34:03,662 - INFO - Skipping S2 download for 2019-01-28: file already exists.
2025-07-09 11:34:35,458 - INFO - Skipping S2 download for 2019-02-13: file already exists.
2025-07-09 11:35:09,983 - INFO - Skipping S2 download for 2019-03-01: file already exists.
2025-07-09 11:35:42,386 - INFO - Skipping S2 download for 2019-04-02: file already exists.
2025-07-09 11:36:17,145 - INFO - Skipping S2 download for 2019-04-18: file already exists.
2025-07-09 11:36:49,373 - INFO - Skipping S2 download for 2019-05-04: file already exists.
2025-07-09 11:37:23,103 - INFO - Skipping S2 download for 2019-05-20: file already exists.
2025-07-09 11:39:28,593 - INFO - Successfully downloaded S2 image for 2019-06-21.
2025-07-09 11:40:51,409 - INFO - Successfully downloaded S2 image for 2019-07-07.
2025-07-09 11:42:40,730 - INFO - Successfully downloaded S2 image for 2019-07-23.
2025-07-09 11:43:56,892 - INFO - Successfully downloaded S2 image for 2019-09-09.
2025-07-09 11:45:53,364 - INFO - Successfully downloaded S2 image for 2019-09-25.
2025-07-09 11:48:04,410 - INFO - Successfully downloaded S2 image for 2019-10-11.
2025-07-09 11:50:15,505 - INFO - Successfully downloaded S2 image for 2019-10-27.
2025-07-09 11:51:48,139 - INFO - Successfully downloaded S2 image for 2019-11-28.
2025-07-09 11:53:28,536 - INFO - Successfully downloaded S2 image for 2019-12-14.
2025-07-09 11:55:38,167 - INFO - Successfully downloaded S2 image for 2019-12-30.
2025-07-09 11:57:53,549 - INFO - Successfully downloaded S2 image for 2020-01-15.
2025-07-09 12:00:06,455 - INFO - Successfully downloaded S2 image for 2020-02-16.
2025-07-09 12:02:38,831 - INFO - Successfully downloaded S2 image for 2020-03-03.
2025-07-09 12:05:06,745 - INFO - Successfully downloaded S2 image for 2020-03-19.
2025-07-09 12:07:08,788 - INFO - Successfully downloaded S2 image for 2020-04-04.
2025-07-09 12:11:24,145 - INFO - Successfully downloaded S2 image for 2020-05-06.
2025-07-09 12:13:06,044 - INFO - Successfully downloaded S2 image for 2020-05-22.
2025-07-09 12:15:04,236 - INFO - Successfully downloaded S2 image for 2020-06-07.
2025-07-09 12:16:58,755 - INFO - Successfully downloaded S2 image for 2020-06-23.
2025-07-09 12:19:05,024 - INFO - Successfully downloaded S2 image for 2020-07-25.
2025-07-09 12:20:34,140 - INFO - Successfully downloaded S2 image for 2020-08-10.
2025-07-10 08:47:38,772 - INFO - ==================================================
2025-07-10 08:47:38,772 - INFO - Starting LST data retrieval for ROI 'D-49-25-A'...
2025-07-10 08:47:38,772 - INFO - LST retrieval period: 2015-01-01 to 2025-01-01
2025-07-10 09:25:38,994 - WARNING - Sleeping 0.34 seconds before retry 1 of 5 for request: POST https://earthengine.googleapis.com/v1/projects/ee-hadat-461702-p4/value:compute?prettyPrint=false&alt=json, after 503
2025-07-10 09:42:16,491 - INFO - LST data retrieval finished for ROI 'D-49-25-A'.
2025-07-10 09:42:16,491 - INFO - ==================================================
2025-07-10 09:42:16,491 - INFO - Starting ERA5 data retrieval for ROI 'D-49-25-A'...
2025-07-10 09:54:28,838 - INFO - ERA5 data retrieval finished for ROI 'D-49-25-A'.
2025-07-10 09:54:28,838 - INFO - ==================================================
2025-07-10 09:54:28,838 - INFO - Starting Sentinel-2 data retrieval for ROI 'D-49-25-A'...
2025-07-10 09:54:28,847 - INFO - Requesting S2 composites for 276 dates based on LST files.
2025-07-10 09:56:35,494 - INFO - Successfully downloaded S2 image for 2018-02-26.
2025-07-10 09:58:28,979 - INFO - Successfully downloaded S2 image for 2019-01-12.
2025-07-10 10:00:14,021 - INFO - Successfully downloaded S2 image for 2019-01-28.
2025-07-10 10:02:06,111 - INFO - Successfully downloaded S2 image for 2019-02-13.
2025-07-10 10:04:42,705 - INFO - Successfully downloaded S2 image for 2019-03-01.
2025-07-10 10:06:32,093 - INFO - Successfully downloaded S2 image for 2019-04-02.
2025-07-10 10:08:35,825 - INFO - Successfully downloaded S2 image for 2019-04-18.
2025-07-10 10:10:43,044 - INFO - Successfully downloaded S2 image for 2019-05-04.
2025-07-10 10:12:51,571 - INFO - Successfully downloaded S2 image for 2019-05-20.
2025-07-10 10:14:53,725 - INFO - Successfully downloaded S2 image for 2019-06-21.
2025-07-10 10:16:29,137 - INFO - Successfully downloaded S2 image for 2019-07-07.
2025-07-10 10:18:24,879 - INFO - Successfully downloaded S2 image for 2019-07-23.
2025-07-10 10:20:27,100 - INFO - Successfully downloaded S2 image for 2019-08-08.
2025-07-10 10:22:34,296 - INFO - Successfully downloaded S2 image for 2019-09-09.
2025-07-10 10:24:21,125 - INFO - Successfully downloaded S2 image for 2019-09-25.
2025-07-10 10:26:06,226 - INFO - Successfully downloaded S2 image for 2019-10-11.
2025-07-10 10:28:11,366 - INFO - Successfully downloaded S2 image for 2019-10-27.
2025-07-10 10:29:47,721 - INFO - Successfully downloaded S2 image for 2019-12-14.
2025-07-10 10:32:00,063 - INFO - Successfully downloaded S2 image for 2019-12-30.
2025-07-10 10:33:42,714 - INFO - Successfully downloaded S2 image for 2020-01-15.
2025-07-10 10:35:20,213 - INFO - Successfully downloaded S2 image for 2020-02-16.
2025-07-10 10:37:35,504 - INFO - Successfully downloaded S2 image for 2020-03-03.
2025-07-10 10:39:26,286 - INFO - Successfully downloaded S2 image for 2020-03-19.
2025-07-10 10:41:24,693 - INFO - Successfully downloaded S2 image for 2020-04-04.
2025-07-10 10:43:30,966 - INFO - Successfully downloaded S2 image for 2020-05-06.
2025-07-10 10:45:21,216 - INFO - Successfully downloaded S2 image for 2020-06-07.
2025-07-10 10:47:26,686 - INFO - Successfully downloaded S2 image for 2020-06-23.
2025-07-10 10:49:37,341 - INFO - Successfully downloaded S2 image for 2020-07-25.
2025-07-10 10:51:21,683 - INFO - Successfully downloaded S2 image for 2020-08-10.
2025-07-10 10:53:27,457 - INFO - Successfully downloaded S2 image for 2020-08-26.
2025-07-10 10:55:32,804 - INFO - Successfully downloaded S2 image for 2020-09-11.
2025-07-10 10:57:05,413 - INFO - Successfully downloaded S2 image for 2020-10-29.
2025-07-10 10:58:33,777 - INFO - Successfully downloaded S2 image for 2021-01-01.
2025-07-10 11:00:13,408 - INFO - Successfully downloaded S2 image for 2021-01-17.
2025-07-10 11:01:51,714 - INFO - Successfully downloaded S2 image for 2021-02-02.
2025-07-10 11:04:24,355 - INFO - Successfully downloaded S2 image for 2021-02-18.
2025-07-10 11:06:06,490 - INFO - Successfully downloaded S2 image for 2021-03-22.
2025-07-10 11:08:21,335 - INFO - Successfully downloaded S2 image for 2021-04-07.
2025-07-10 11:10:02,444 - INFO - Successfully downloaded S2 image for 2021-04-23.
2025-07-10 11:12:16,903 - INFO - Successfully downloaded S2 image for 2021-05-09.
2025-07-10 11:14:28,007 - INFO - Successfully downloaded S2 image for 2021-06-26.
2025-07-10 11:16:25,066 - INFO - Successfully downloaded S2 image for 2021-07-12.
2025-07-10 11:18:16,336 - INFO - Successfully downloaded S2 image for 2021-07-28.
2025-07-10 11:19:49,186 - INFO - Successfully downloaded S2 image for 2021-08-29.
2025-07-10 11:21:35,833 - INFO - Successfully downloaded S2 image for 2021-09-14.
2025-07-10 11:23:36,966 - INFO - Successfully downloaded S2 image for 2021-09-30.
2025-07-10 11:25:00,141 - INFO - Successfully downloaded S2 image for 2021-10-31.
2025-07-10 11:26:44,043 - INFO - Successfully downloaded S2 image for 2021-11-17.
2025-07-10 11:28:13,177 - INFO - Successfully downloaded S2 image for 2022-01-04.
2025-07-10 11:30:23,740 - INFO - Successfully downloaded S2 image for 2022-01-28.
2025-07-10 11:32:34,123 - INFO - Successfully downloaded S2 image for 2022-02-05.
2025-07-10 11:34:37,070 - INFO - Successfully downloaded S2 image for 2022-02-13.
2025-07-10 11:36:54,263 - INFO - Successfully downloaded S2 image for 2022-03-09.
2025-07-10 11:39:00,069 - INFO - Successfully downloaded S2 image for 2022-03-25.
2025-07-10 11:40:37,565 - INFO - Successfully downloaded S2 image for 2022-04-02.
2025-07-10 11:42:38,032 - INFO - Successfully downloaded S2 image for 2022-04-18.
2025-07-10 11:44:27,557 - INFO - Successfully downloaded S2 image for 2022-04-26.
2025-07-10 11:46:11,549 - INFO - Successfully downloaded S2 image for 2022-05-12.
2025-07-10 11:48:11,743 - INFO - Successfully downloaded S2 image for 2022-05-28.
2025-07-10 11:50:26,437 - INFO - Successfully downloaded S2 image for 2022-06-05.
2025-07-10 11:52:33,675 - INFO - Successfully downloaded S2 image for 2022-06-21.
2025-07-10 11:54:11,074 - INFO - Successfully downloaded S2 image for 2022-07-15.
2025-07-10 11:55:43,535 - INFO - Successfully downloaded S2 image for 2022-07-31.
2025-07-10 11:57:30,705 - INFO - Successfully downloaded S2 image for 2022-08-16.
2025-07-10 11:59:35,637 - INFO - Successfully downloaded S2 image for 2022-09-01.
2025-07-10 12:01:24,179 - INFO - Successfully downloaded S2 image for 2022-09-09.
2025-07-10 12:02:58,293 - INFO - Successfully downloaded S2 image for 2022-10-19.
2025-07-10 12:04:56,175 - INFO - Successfully downloaded S2 image for 2022-11-04.
2025-07-10 12:06:58,366 - INFO - Successfully downloaded S2 image for 2022-11-28.
2025-07-10 12:08:54,972 - INFO - Successfully downloaded S2 image for 2022-12-22.
2025-07-10 12:12:49,999 - INFO - Successfully downloaded S2 image for 2022-12-30.
2025-07-10 12:15:25,873 - INFO - Successfully downloaded S2 image for 2023-01-31.
2025-07-10 12:17:52,255 - INFO - Successfully downloaded S2 image for 2023-02-08.
2025-07-10 12:19:37,143 - INFO - Successfully downloaded S2 image for 2023-02-16.
2025-07-10 12:21:24,756 - INFO - Successfully downloaded S2 image for 2023-03-04.
2025-07-10 12:23:12,008 - INFO - Successfully downloaded S2 image for 2023-03-12.
2025-07-10 12:25:37,062 - INFO - Successfully downloaded S2 image for 2023-03-20.
2025-07-10 12:27:50,877 - INFO - Successfully downloaded S2 image for 2023-03-28.
2025-07-10 12:29:34,358 - INFO - Successfully downloaded S2 image for 2023-04-13.
2025-07-10 12:32:27,447 - INFO - Successfully downloaded S2 image for 2023-04-21.
2025-07-10 12:34:15,742 - INFO - Successfully downloaded S2 image for 2023-04-29.
2025-07-10 12:36:25,675 - INFO - Successfully downloaded S2 image for 2023-05-07.
2025-07-10 12:38:24,129 - INFO - Successfully downloaded S2 image for 2023-05-23.
2025-07-10 12:40:09,903 - INFO - Successfully downloaded S2 image for 2023-05-31.
2025-07-10 12:42:08,434 - INFO - Successfully downloaded S2 image for 2023-06-16.
2025-07-10 12:43:43,967 - INFO - Successfully downloaded S2 image for 2023-07-02.
2025-07-10 12:47:43,038 - INFO - Successfully downloaded S2 image for 2023-07-10.
2025-07-10 12:49:16,413 - INFO - Successfully downloaded S2 image for 2023-07-26.
2025-07-10 12:50:51,527 - INFO - Successfully downloaded S2 image for 2023-08-11.
2025-07-10 12:52:44,971 - INFO - Successfully downloaded S2 image for 2023-08-19.
2025-07-10 12:54:12,581 - INFO - Successfully downloaded S2 image for 2023-08-27.
2025-07-10 12:56:03,511 - INFO - Successfully downloaded S2 image for 2023-09-04.
2025-07-10 12:57:52,777 - INFO - Successfully downloaded S2 image for 2023-09-20.
2025-07-10 12:59:23,247 - INFO - Successfully downloaded S2 image for 2023-09-28.
2025-07-10 13:01:24,481 - INFO - Successfully downloaded S2 image for 2023-10-06.
2025-07-10 13:02:50,382 - INFO - Successfully downloaded S2 image for 2023-10-14.
2025-07-10 13:04:37,793 - INFO - Successfully downloaded S2 image for 2023-11-07.
2025-07-10 13:06:25,501 - INFO - Successfully downloaded S2 image for 2023-12-17.
2025-07-10 13:07:55,896 - INFO - Successfully downloaded S2 image for 2023-12-25.
2025-07-10 13:09:27,107 - INFO - Successfully downloaded S2 image for 2024-01-02.
2025-07-10 13:11:30,555 - INFO - Successfully downloaded S2 image for 2024-01-18.
2025-07-10 13:13:07,059 - INFO - Successfully downloaded S2 image for 2024-01-26.
2025-07-10 13:15:25,450 - INFO - Successfully downloaded S2 image for 2024-02-03.
2025-07-10 13:16:56,269 - INFO - Successfully downloaded S2 image for 2024-02-11.
2025-07-10 13:18:21,361 - INFO - Successfully downloaded S2 image for 2024-02-27.
2025-07-10 13:20:31,539 - INFO - Successfully downloaded S2 image for 2024-03-06.
2025-07-10 13:22:12,086 - INFO - Successfully downloaded S2 image for 2024-03-14.
2025-07-10 13:24:10,753 - INFO - Successfully downloaded S2 image for 2024-03-22.
2025-07-10 13:26:39,826 - INFO - Successfully downloaded S2 image for 2024-04-07.
2025-07-10 13:29:13,428 - INFO - Successfully downloaded S2 image for 2024-04-15.
2025-07-10 13:31:33,743 - INFO - Successfully downloaded S2 image for 2024-04-23.
2025-07-10 13:33:46,368 - INFO - Successfully downloaded S2 image for 2024-05-01.
2025-07-10 13:35:31,137 - INFO - Successfully downloaded S2 image for 2024-05-17.
2025-07-10 13:37:26,089 - INFO - Successfully downloaded S2 image for 2024-05-25.
2025-07-10 13:38:50,268 - INFO - Successfully downloaded S2 image for 2024-06-26.
2025-07-10 13:40:24,431 - INFO - Successfully downloaded S2 image for 2024-07-04.
2025-07-10 13:42:36,706 - INFO - Successfully downloaded S2 image for 2024-07-12.
2025-07-10 13:44:19,715 - INFO - Successfully downloaded S2 image for 2024-08-05.
2025-07-10 13:46:55,777 - INFO - Successfully downloaded S2 image for 2024-08-13.
2025-07-10 13:49:35,010 - INFO - Successfully downloaded S2 image for 2024-08-21.
2025-07-10 13:51:37,453 - INFO - Successfully downloaded S2 image for 2024-08-29.
2025-07-10 13:55:20,474 - INFO - Successfully downloaded S2 image for 2024-09-14.
2025-07-10 13:57:30,584 - INFO - Successfully downloaded S2 image for 2024-09-30.
2025-07-10 14:01:36,713 - INFO - Successfully downloaded S2 image for 2024-10-24.
2025-07-10 14:03:07,607 - INFO - Successfully downloaded S2 image for 2024-11-09.
2025-07-10 14:05:04,906 - INFO - Successfully downloaded S2 image for 2024-11-17.
2025-07-10 14:06:55,289 - INFO - Successfully downloaded S2 image for 2024-12-03.
2025-07-10 14:08:35,749 - INFO - Successfully downloaded S2 image for 2024-12-19.
2025-07-10 14:08:35,753 - INFO - Sentinel-2 data retrieval finished for ROI 'D-49-25-A'.
2025-07-10 14:08:35,753 - INFO - ==================================================
2025-07-10 14:08:35,753 - INFO - Data retrieval orchestration finished. Total time: 5:20:57.832212
2025-07-14 13:55:21,524 - INFO - ==================================================
2025-07-14 13:55:21,524 - INFO - Starting LST data retrieval for ROI 'D-49-25-A'...
2025-07-14 13:55:21,524 - INFO - LST retrieval period: 2023-01-01 to 2023-12-31
2025-07-14 13:59:39,300 - INFO - LST data retrieval finished for ROI 'D-49-25-A'.
2025-07-14 13:59:39,301 - INFO - ==================================================
2025-07-14 13:59:39,301 - INFO - Starting ERA5 data retrieval for ROI 'D-49-25-A'...
2025-07-14 13:59:39,303 - INFO - Dynamically determined L9 pivot date: 2023-01-15
2025-07-14 13:59:39,304 - INFO - Generated 45 target dates for ERA5 retrieval.
2025-07-14 14:01:53,520 - INFO - Running final check for missing ERA5 files based on LST downloads...
2025-07-14 14:01:53,521 - INFO - Final check complete. No missing ERA5 files found.
2025-07-14 14:01:53,521 - INFO - ERA5 data retrieval finished for ROI 'D-49-25-A'.
2025-07-14 14:01:53,521 - INFO - ==================================================
2025-07-14 14:01:53,521 - INFO - Starting Sentinel-2 data retrieval for ROI 'D-49-25-A'...
2025-07-14 14:01:53,523 - INFO - Requesting S2 composites for 42 dates based on LST files.
2025-07-14 14:03:00,244 - INFO - Successfully downloaded S2 image for 2023-01-31.
2025-07-14 14:03:58,841 - INFO - Successfully downloaded S2 image for 2023-02-08.
2025-07-14 14:04:20,431 - INFO - Successfully downloaded S2 image for 2023-02-16.
2025-07-14 14:04:52,849 - INFO - Successfully downloaded S2 image for 2023-03-04.
2025-07-14 14:05:15,531 - INFO - Successfully downloaded S2 image for 2023-03-12.
2025-07-14 14:06:17,157 - INFO - Successfully downloaded S2 image for 2023-03-20.
2025-07-14 14:06:55,553 - INFO - Successfully downloaded S2 image for 2023-03-28.
2025-07-14 14:07:29,763 - INFO - Successfully downloaded S2 image for 2023-04-13.
2025-07-14 14:08:30,909 - INFO - Successfully downloaded S2 image for 2023-04-21.
2025-07-14 14:09:06,640 - INFO - Successfully downloaded S2 image for 2023-04-29.
2025-07-14 14:10:01,386 - INFO - Successfully downloaded S2 image for 2023-05-07.
2025-07-14 14:10:57,052 - INFO - Successfully downloaded S2 image for 2023-05-23.
2025-07-14 14:11:49,228 - INFO - Successfully downloaded S2 image for 2023-05-31.
2025-07-14 14:12:45,689 - INFO - Successfully downloaded S2 image for 2023-06-16.
2025-07-14 14:13:24,333 - INFO - Successfully downloaded S2 image for 2023-07-02.
2025-07-14 14:14:12,185 - INFO - Successfully downloaded S2 image for 2023-07-10.
2025-07-14 14:14:39,794 - INFO - Successfully downloaded S2 image for 2023-07-26.
2025-07-14 14:15:01,961 - INFO - Successfully downloaded S2 image for 2023-08-11.
2025-07-14 14:15:57,795 - INFO - Successfully downloaded S2 image for 2023-08-19.
2025-07-14 14:16:20,531 - INFO - Successfully downloaded S2 image for 2023-08-27.
2025-07-14 14:16:49,785 - INFO - Successfully downloaded S2 image for 2023-09-04.
2025-07-14 14:17:29,112 - INFO - Successfully downloaded S2 image for 2023-09-20.
2025-07-14 14:17:59,220 - INFO - Successfully downloaded S2 image for 2023-09-28.
2025-07-14 14:18:33,213 - INFO - Successfully downloaded S2 image for 2023-10-06.
2025-07-14 14:18:58,316 - INFO - ==================================================
2025-07-14 14:18:58,316 - INFO - Starting LST data retrieval for ROI 'D-49-25-A'...
2025-07-14 14:18:58,316 - INFO - LST retrieval period: 2023-01-01 to 2023-12-31
2025-07-14 14:23:26,873 - INFO - LST data retrieval finished for ROI 'D-49-25-A'.
2025-07-14 14:23:26,873 - INFO - ==================================================
2025-07-14 14:23:26,874 - INFO - Starting ERA5 data retrieval for ROI 'D-49-25-A'...
2025-07-14 14:23:26,876 - INFO - Dynamically determined L8 pivot date: 2023-01-23
2025-07-14 14:23:26,877 - INFO - Dynamically determined L9 pivot date: 2023-01-15
2025-07-14 14:23:26,877 - INFO - Generated 44 target dates for ERA5 retrieval.
2025-07-14 14:25:34,287 - INFO - Running final check for missing ERA5 files based on LST downloads...
2025-07-14 14:25:34,288 - INFO - Final check complete. No missing ERA5 files found.
2025-07-14 14:25:34,288 - INFO - ERA5 data retrieval finished for ROI 'D-49-25-A'.
2025-07-14 14:25:34,288 - INFO - ==================================================
2025-07-14 14:25:34,288 - INFO - Starting Sentinel-2 data retrieval for ROI 'D-49-25-A'...
2025-07-14 14:25:34,290 - INFO - Requesting S2 composites for 41 dates based on LST files.
2025-07-14 14:26:43,050 - INFO - Successfully downloaded S2 image for 2023-01-31.
2025-07-14 14:27:30,696 - INFO - ==================================================
2025-07-14 14:27:30,696 - INFO - Starting LST data retrieval for ROI 'D-49-25-A'...
2025-07-14 14:27:30,696 - INFO - LST retrieval period: 2023-01-01 to 2023-12-31
2025-07-14 14:29:53,416 - WARNING - Sleeping 1.95 seconds before retry 1 of 5 for request: POST https://earthengine.googleapis.com/v1/projects/ee-hadat-461702-p4/thumbnails?fields=name&alt=json, after 500
2025-07-14 14:32:33,194 - INFO - LST data retrieval finished for ROI 'D-49-25-A'.
2025-07-14 14:32:33,194 - INFO - ==================================================
2025-07-14 14:32:33,194 - INFO - Starting ERA5 data retrieval for ROI 'D-49-25-A'...
2025-07-14 14:32:33,197 - INFO - Dynamically determined L8 pivot date: 2023-01-23
2025-07-14 14:32:33,197 - INFO - Dynamically determined L9 pivot date: 2023-01-15
2025-07-14 14:32:33,198 - INFO - Generated 45 target dates for ERA5 retrieval.
2025-07-14 14:34:43,908 - INFO - Running final check for missing ERA5 files based on LST downloads...
2025-07-14 14:34:43,909 - INFO - Final check complete. No missing ERA5 files found.
2025-07-14 14:34:43,909 - INFO - ERA5 data retrieval finished for ROI 'D-49-25-A'.
2025-07-14 14:34:43,909 - INFO - ==================================================
2025-07-14 14:34:43,909 - INFO - Starting Sentinel-2 data retrieval for ROI 'D-49-25-A'...
2025-07-14 14:34:43,910 - INFO - Requesting S2 composites for 41 dates based on LST files.
2025-07-14 14:36:12,906 - INFO - Successfully downloaded S2 image for 2023-01-31.
2025-07-14 14:37:22,923 - INFO - Successfully downloaded S2 image for 2023-02-08.
2025-07-14 14:37:49,610 - INFO - Successfully downloaded S2 image for 2023-02-16.
2025-07-14 14:38:21,508 - INFO - Successfully downloaded S2 image for 2023-03-04.
2025-07-14 14:38:46,880 - INFO - Successfully downloaded S2 image for 2023-03-12.
2025-07-14 14:40:00,458 - INFO - Successfully downloaded S2 image for 2023-03-20.
2025-07-14 14:40:40,554 - INFO - Successfully downloaded S2 image for 2023-03-28.
2025-07-14 14:41:15,205 - INFO - Successfully downloaded S2 image for 2023-04-13.
2025-07-14 14:42:13,801 - INFO - Successfully downloaded S2 image for 2023-04-21.
2025-07-14 14:42:48,298 - INFO - Successfully downloaded S2 image for 2023-04-29.
2025-07-14 14:43:38,660 - INFO - Successfully downloaded S2 image for 2023-05-07.
2025-07-14 14:44:35,271 - INFO - Successfully downloaded S2 image for 2023-05-23.
2025-07-14 14:45:20,219 - INFO - Successfully downloaded S2 image for 2023-05-31.
2025-07-14 14:46:11,205 - INFO - Successfully downloaded S2 image for 2023-06-16.
2025-07-14 14:46:45,622 - INFO - Successfully downloaded S2 image for 2023-07-02.
2025-07-14 14:47:26,595 - INFO - Successfully downloaded S2 image for 2023-07-10.
2025-07-14 14:47:53,473 - INFO - Successfully downloaded S2 image for 2023-07-26.
2025-07-14 14:48:13,817 - INFO - Successfully downloaded S2 image for 2023-08-11.
2025-07-14 14:49:09,719 - INFO - Successfully downloaded S2 image for 2023-08-19.
2025-07-14 14:49:34,901 - INFO - Successfully downloaded S2 image for 2023-08-27.
2025-07-14 14:50:01,196 - INFO - Successfully downloaded S2 image for 2023-09-04.
2025-07-14 14:50:36,791 - INFO - Successfully downloaded S2 image for 2023-09-20.
2025-07-14 14:50:59,832 - INFO - Successfully downloaded S2 image for 2023-09-28.
2025-07-14 14:51:19,464 - INFO - Successfully downloaded S2 image for 2023-10-14.
2025-07-14 14:52:16,794 - INFO - Successfully downloaded S2 image for 2023-11-07.
2025-07-14 14:52:51,332 - INFO - Successfully downloaded S2 image for 2023-12-17.
2025-07-14 14:53:20,971 - INFO - Successfully downloaded S2 image for 2023-12-25.
2025-07-14 14:53:20,973 - INFO - Sentinel-2 data retrieval finished for ROI 'D-49-25-A'.
2025-07-14 14:53:20,973 - INFO - ==================================================
2025-07-14 14:53:20,973 - INFO - Data retrieval orchestration finished. Total time: 0:25:51.337292
2025-07-15 09:50:11,088 - INFO - ==================================================
2025-07-15 09:50:11,088 - INFO - Starting LST data retrieval for ROI 'D-49-13-A'...
2025-07-15 09:50:11,088 - INFO - LST retrieval period: 2017-01-01 to 2025-01-01
2025-07-15 12:21:24,674 - INFO - LST data retrieval finished for ROI 'D-49-13-A'.
2025-07-15 12:21:24,674 - INFO - ==================================================
2025-07-15 12:21:24,674 - INFO - Starting ERA5 data retrieval for ROI 'D-49-13-A'...
2025-07-15 12:21:24,682 - INFO - Dynamically determined L8 pivot date: 2017-01-06
2025-07-15 12:21:24,682 - INFO - Dynamically determined L9 pivot date: 2021-10-31
2025-07-15 12:21:24,683 - INFO - Generated 255 target dates for ERA5 retrieval.
2025-07-15 12:33:55,940 - INFO - Running final check for missing ERA5 files based on LST downloads...
2025-07-15 12:33:55,947 - WARNING - Found 230 LST files with no corresponding ERA5 file. Retrieving missing data...
2025-07-15 12:45:14,241 - INFO - ERA5 data retrieval finished for ROI 'D-49-13-A'.
2025-07-15 12:45:14,241 - INFO - ==================================================
2025-07-15 12:45:14,241 - INFO - Starting Sentinel-2 data retrieval for ROI 'D-49-13-A'...
2025-07-15 12:45:14,264 - INFO - Requesting S2 composites for 463 dates based on LST files.
2025-07-15 12:48:08,306 - INFO - Successfully downloaded S2 image for 2018-02-26.
2025-07-15 12:50:05,619 - INFO - Successfully downloaded S2 image for 2018-12-18.
2025-07-15 12:52:46,637 - INFO - Successfully downloaded S2 image for 2019-01-12.
2025-07-15 12:54:53,923 - INFO - Successfully downloaded S2 image for 2019-01-19.
2025-07-15 12:57:17,594 - INFO - Successfully downloaded S2 image for 2019-01-28.
2025-07-15 13:00:05,258 - INFO - Successfully downloaded S2 image for 2019-02-04.
2025-07-15 13:02:40,750 - INFO - Successfully downloaded S2 image for 2019-02-13.
2025-07-15 13:05:47,285 - INFO - Successfully downloaded S2 image for 2019-03-01.
2025-07-15 13:08:47,518 - INFO - Successfully downloaded S2 image for 2019-03-08.
2025-07-15 13:11:08,831 - INFO - Successfully downloaded S2 image for 2019-03-24.
2025-07-15 13:13:37,269 - INFO - Successfully downloaded S2 image for 2019-04-02.
2025-07-15 13:16:52,507 - INFO - Successfully downloaded S2 image for 2019-04-09.
2025-07-15 13:19:47,494 - INFO - Successfully downloaded S2 image for 2019-04-18.
2025-07-15 13:23:05,572 - INFO - Successfully downloaded S2 image for 2019-04-25.
2025-07-15 13:25:28,174 - INFO - Successfully downloaded S2 image for 2019-05-04.
2025-07-15 13:28:35,352 - INFO - Successfully downloaded S2 image for 2019-05-20.
2025-07-15 13:31:45,749 - INFO - Successfully downloaded S2 image for 2019-05-27.
2025-07-15 13:34:44,939 - INFO - Successfully downloaded S2 image for 2019-06-12.
2025-07-15 13:37:51,422 - INFO - Successfully downloaded S2 image for 2019-06-21.
2025-07-15 13:40:53,971 - INFO - Successfully downloaded S2 image for 2019-06-28.
2025-07-15 13:43:10,631 - INFO - Successfully downloaded S2 image for 2019-07-07.
2025-07-15 13:46:22,317 - INFO - Successfully downloaded S2 image for 2019-07-14.
2025-07-15 13:49:11,326 - INFO - Successfully downloaded S2 image for 2019-07-23.
2025-07-15 13:51:42,812 - INFO - Successfully downloaded S2 image for 2019-08-08.
2025-07-15 13:54:13,063 - INFO - Successfully downloaded S2 image for 2019-08-31.
2025-07-15 13:56:51,881 - INFO - Successfully downloaded S2 image for 2019-09-09.
2025-07-15 13:59:54,167 - INFO - Successfully downloaded S2 image for 2019-09-16.
2025-07-15 14:02:18,784 - INFO - Successfully downloaded S2 image for 2019-09-25.
2025-07-15 14:04:55,097 - INFO - Successfully downloaded S2 image for 2019-10-02.
2025-07-15 14:07:32,860 - INFO - Successfully downloaded S2 image for 2019-10-11.
2025-07-15 14:09:51,882 - INFO - Successfully downloaded S2 image for 2019-10-27.
2025-07-15 14:12:21,246 - INFO - Successfully downloaded S2 image for 2019-11-19.
2025-07-15 14:14:45,405 - INFO - Successfully downloaded S2 image for 2019-12-05.
2025-07-15 14:17:18,587 - INFO - Successfully downloaded S2 image for 2019-12-14.
2025-07-15 14:19:51,064 - INFO - Successfully downloaded S2 image for 2019-12-30.
2025-07-15 14:22:21,077 - INFO - Successfully downloaded S2 image for 2020-01-15.
2025-07-15 14:25:20,214 - INFO - Successfully downloaded S2 image for 2020-01-22.
2025-07-15 14:28:15,801 - INFO - Successfully downloaded S2 image for 2020-02-07.
2025-07-15 14:30:33,263 - INFO - Successfully downloaded S2 image for 2020-02-16.
2025-07-15 14:33:28,467 - INFO - Successfully downloaded S2 image for 2020-02-23.
2025-07-15 14:36:33,493 - INFO - Successfully downloaded S2 image for 2020-03-03.
2025-07-15 14:39:21,556 - INFO - Successfully downloaded S2 image for 2020-03-10.
2025-07-15 14:41:24,377 - INFO - Successfully downloaded S2 image for 2020-03-19.
2025-07-15 14:44:24,345 - INFO - Successfully downloaded S2 image for 2020-04-04.
2025-07-15 14:46:44,780 - INFO - Successfully downloaded S2 image for 2020-04-11.
2025-07-15 14:48:51,491 - INFO - Successfully downloaded S2 image for 2020-04-27.
2025-07-15 14:51:56,437 - INFO - Successfully downloaded S2 image for 2020-05-06.
2025-07-15 14:54:30,136 - INFO - Successfully downloaded S2 image for 2020-05-13.
2025-07-15 14:56:43,145 - INFO - Successfully downloaded S2 image for 2020-05-29.
2025-07-15 14:59:47,226 - INFO - Successfully downloaded S2 image for 2020-06-07.
2025-07-15 15:02:43,963 - INFO - Successfully downloaded S2 image for 2020-06-23.
2025-07-15 15:06:15,635 - INFO - Successfully downloaded S2 image for 2020-07-16.
2025-07-15 15:09:21,708 - INFO - Successfully downloaded S2 image for 2020-07-25.
2025-07-15 15:12:21,245 - INFO - Successfully downloaded S2 image for 2020-08-10.
2025-07-15 15:15:59,760 - INFO - Successfully downloaded S2 image for 2020-08-17.
2025-07-15 15:19:17,153 - INFO - Successfully downloaded S2 image for 2020-08-26.
2025-07-15 15:22:31,644 - INFO - Successfully downloaded S2 image for 2020-09-11.
2025-07-15 15:25:14,956 - INFO - Successfully downloaded S2 image for 2020-10-04.
2025-07-15 15:28:08,727 - INFO - Successfully downloaded S2 image for 2020-10-29.
2025-07-15 15:31:37,342 - INFO - Successfully downloaded S2 image for 2021-01-01.
2025-07-15 15:34:10,846 - INFO - Successfully downloaded S2 image for 2021-01-08.
2025-07-15 15:36:33,990 - INFO - Successfully downloaded S2 image for 2021-01-17.
2025-07-15 15:39:05,350 - INFO - Successfully downloaded S2 image for 2021-01-24.
2025-07-15 15:41:43,936 - INFO - Successfully downloaded S2 image for 2021-02-02.
2025-07-15 15:45:06,220 - INFO - Successfully downloaded S2 image for 2021-02-18.
2025-07-15 15:48:28,194 - INFO - Successfully downloaded S2 image for 2021-02-25.
2025-07-15 15:51:22,372 - INFO - Successfully downloaded S2 image for 2021-03-13.
2025-07-15 15:53:35,007 - INFO - Successfully downloaded S2 image for 2021-03-22.
2025-07-15 15:56:30,702 - INFO - Successfully downloaded S2 image for 2021-03-29.
2025-07-15 15:58:52,950 - INFO - Successfully downloaded S2 image for 2021-04-07.
2025-07-15 16:02:35,301 - INFO - Successfully downloaded S2 image for 2021-04-14.
2025-07-15 16:05:18,037 - INFO - Successfully downloaded S2 image for 2021-04-23.
2025-07-15 16:08:53,503 - INFO - Successfully downloaded S2 image for 2021-05-09.
2025-07-15 16:11:57,906 - INFO - Successfully downloaded S2 image for 2021-05-16.
2025-07-15 16:15:05,334 - INFO - Successfully downloaded S2 image for 2021-06-01.
2025-07-15 16:17:19,667 - INFO - Successfully downloaded S2 image for 2021-06-17.
2025-07-15 16:21:05,539 - INFO - Successfully downloaded S2 image for 2021-06-26.
2025-07-15 16:25:18,793 - INFO - Successfully downloaded S2 image for 2021-07-03.
2025-07-15 16:28:31,429 - INFO - Successfully downloaded S2 image for 2021-07-12.
2025-07-15 16:31:27,325 - INFO - Successfully downloaded S2 image for 2021-07-28.
2025-07-15 16:33:55,259 - INFO - Successfully downloaded S2 image for 2021-08-04.
2025-07-15 16:37:17,551 - INFO - Successfully downloaded S2 image for 2021-08-20.
2025-07-15 16:39:39,449 - INFO - Successfully downloaded S2 image for 2021-08-29.
2025-07-15 16:42:33,587 - INFO - Successfully downloaded S2 image for 2021-09-14.
2025-07-15 16:45:21,055 - INFO - Successfully downloaded S2 image for 2021-09-30.
2025-07-15 16:47:58,834 - INFO - Successfully downloaded S2 image for 2021-10-16.
2025-07-15 16:50:27,755 - INFO - Successfully downloaded S2 image for 2021-10-31.
2025-07-15 16:52:41,325 - INFO - Successfully downloaded S2 image for 2021-11-08.
2025-07-15 16:55:06,026 - INFO - Successfully downloaded S2 image for 2021-11-17.
2025-07-15 16:57:15,709 - INFO - Successfully downloaded S2 image for 2021-11-24.
2025-07-15 16:59:20,391 - INFO - Successfully downloaded S2 image for 2021-12-03.
2025-07-15 17:01:40,849 - INFO - Successfully downloaded S2 image for 2021-12-18.
2025-07-15 17:04:08,239 - INFO - Successfully downloaded S2 image for 2022-01-03.
2025-07-21 16:22:17,739 - INFO - ==================================================
2025-07-21 16:22:17,739 - INFO - Starting LST data retrieval for ROI 'F-48-93-B'...
2025-07-21 16:22:17,739 - INFO - LST retrieval period: 2017-01-01 to 2025-01-01
2025-07-21 16:23:16,860 - INFO - ==================================================
2025-07-21 16:23:16,860 - INFO - Starting LST data retrieval for ROI 'C-49-1-D'...
2025-07-21 16:23:16,860 - INFO - LST retrieval period: 2017-01-01 to 2025-01-01
2025-07-21 16:23:36,579 - INFO - ==================================================
2025-07-21 16:23:36,579 - INFO - Starting LST data retrieval for ROI 'C-48-56-A'...
2025-07-21 16:23:36,579 - INFO - LST retrieval period: 2017-01-01 to 2025-01-01
2025-07-21 16:50:25,440 - INFO - LST data retrieval finished for ROI 'F-48-93-B'.
2025-07-21 16:50:25,440 - INFO - ==================================================
2025-07-21 16:50:25,440 - INFO - Starting ERA5 data retrieval for ROI 'F-48-93-B'...
2025-07-21 16:50:25,446 - INFO - Dynamically determined L8 pivot date: 2017-01-04
2025-07-21 16:50:25,446 - INFO - Dynamically determined L9 pivot date: 2022-02-27
2025-07-21 16:50:25,449 - INFO - Generated 248 target dates for ERA5 retrieval.
2025-07-21 16:54:28,191 - WARNING - Sleeping 1.05 seconds before retry 1 of 5 for request: POST https://earthengine.googleapis.com/v1/projects/ee-hadat-461702-p4/value:compute?prettyPrint=false&alt=json, after 503
2025-07-21 17:02:35,454 - INFO - Running final check for missing ERA5 files based on LST downloads...
2025-07-21 17:02:35,457 - INFO - Final check complete. No missing ERA5 files found.
2025-07-21 17:02:35,457 - INFO - ERA5 data retrieval finished for ROI 'F-48-93-B'.
2025-07-21 17:02:35,457 - INFO - ==================================================
2025-07-21 17:02:35,457 - INFO - Starting Sentinel-2 data retrieval for ROI 'F-48-93-B'...
2025-07-21 17:02:35,463 - INFO - Requesting S2 composites for 170 dates based on LST files.
2025-07-21 17:04:14,085 - INFO - Successfully downloaded S2 image for 2018-12-25.
2025-07-21 17:05:13,971 - INFO - Successfully downloaded S2 image for 2019-03-31.
2025-07-21 17:07:01,183 - INFO - Successfully downloaded S2 image for 2019-05-18.
2025-07-21 17:08:40,162 - INFO - Successfully downloaded S2 image for 2019-06-19.
2025-07-21 17:10:18,202 - INFO - Successfully downloaded S2 image for 2019-07-05.
2025-07-21 17:11:44,139 - INFO - Successfully downloaded S2 image for 2019-08-06.
2025-07-21 17:13:28,216 - INFO - Successfully downloaded S2 image for 2019-09-07.
2025-07-21 17:15:11,260 - INFO - Successfully downloaded S2 image for 2019-09-23.
2025-07-21 17:16:12,759 - INFO - Successfully downloaded S2 image for 2019-10-25.
2025-07-21 17:16:28,349 - INFO - LST data retrieval finished for ROI 'C-49-1-D'.
2025-07-21 17:16:28,349 - INFO - ==================================================
2025-07-21 17:16:28,349 - INFO - Starting ERA5 data retrieval for ROI 'C-49-1-D'...
2025-07-21 17:16:28,354 - INFO - Dynamically determined L8 pivot date: 2017-01-06
2025-07-21 17:16:28,354 - INFO - Dynamically determined L9 pivot date: 2021-12-04
2025-07-21 17:16:28,355 - INFO - Generated 254 target dates for ERA5 retrieval.
2025-07-21 17:17:58,880 - INFO - Successfully downloaded S2 image for 2019-11-10.
2025-07-21 17:19:34,621 - INFO - Successfully downloaded S2 image for 2019-12-12.
2025-07-21 17:20:32,299 - INFO - Successfully downloaded S2 image for 2020-05-04.
2025-07-21 17:21:47,896 - INFO - Successfully downloaded S2 image for 2020-05-20.
2025-07-21 17:23:32,394 - INFO - Successfully downloaded S2 image for 2020-06-05.
2025-07-21 17:26:00,077 - INFO - Successfully downloaded S2 image for 2020-06-21.
2025-07-21 17:27:20,082 - INFO - Successfully downloaded S2 image for 2020-07-23.
2025-07-21 17:28:55,975 - INFO - Successfully downloaded S2 image for 2020-08-08.
2025-07-21 17:29:30,054 - INFO - Running final check for missing ERA5 files based on LST downloads...
2025-07-21 17:29:30,059 - WARNING - Found 132 LST files with no corresponding ERA5 file. Retrieving missing data...
2025-07-21 17:30:15,987 - INFO - Successfully downloaded S2 image for 2020-08-24.
2025-07-21 17:31:35,088 - INFO - Successfully downloaded S2 image for 2020-10-11.
2025-07-21 17:33:22,104 - INFO - Successfully downloaded S2 image for 2020-10-27.
2025-07-21 17:34:30,817 - INFO - Successfully downloaded S2 image for 2020-11-28.
2025-07-21 17:35:32,513 - INFO - Successfully downloaded S2 image for 2020-12-14.
2025-07-21 17:35:36,728 - INFO - ERA5 data retrieval finished for ROI 'C-49-1-D'.
2025-07-21 17:35:36,728 - INFO - ==================================================
2025-07-21 17:35:36,728 - INFO - Starting Sentinel-2 data retrieval for ROI 'C-49-1-D'...
2025-07-21 17:35:36,737 - INFO - Requesting S2 composites for 281 dates based on LST files.
2025-07-21 17:37:06,030 - INFO - Successfully downloaded S2 image for 2021-01-15.
2025-07-21 17:38:26,202 - INFO - Successfully downloaded S2 image for 2018-02-26.
2025-07-21 17:39:07,921 - INFO - Successfully downloaded S2 image for 2021-02-16.
2025-07-21 17:40:08,836 - INFO - Successfully downloaded S2 image for 2021-04-21.
2025-07-21 17:40:30,099 - INFO - Successfully downloaded S2 image for 2019-01-12.
2025-07-21 17:41:19,513 - INFO - Successfully downloaded S2 image for 2021-05-07.
2025-07-21 17:42:29,630 - INFO - Successfully downloaded S2 image for 2021-05-23.
2025-07-21 17:42:37,140 - INFO - Successfully downloaded S2 image for 2019-01-28.
2025-07-21 17:43:44,835 - INFO - Successfully downloaded S2 image for 2021-07-10.
2025-07-21 17:44:10,344 - INFO - Successfully downloaded S2 image for 2019-02-13.
2025-07-21 17:45:15,872 - INFO - Successfully downloaded S2 image for 2021-07-26.
2025-07-21 17:46:16,827 - INFO - Successfully downloaded S2 image for 2019-03-01.
2025-07-21 17:46:18,494 - INFO - Successfully downloaded S2 image for 2021-08-11.
2025-07-21 17:47:55,136 - INFO - Successfully downloaded S2 image for 2021-09-12.
2025-07-21 17:48:17,079 - INFO - Successfully downloaded S2 image for 2019-04-02.
2025-07-21 17:48:47,437 - INFO - Successfully downloaded S2 image for 2021-09-28.
2025-07-21 17:50:13,377 - INFO - Successfully downloaded S2 image for 2021-11-15.
2025-07-21 17:50:57,684 - INFO - Successfully downloaded S2 image for 2019-04-18.
2025-07-21 17:51:59,938 - INFO - Successfully downloaded S2 image for 2021-12-01.
2025-07-21 17:52:52,141 - INFO - Successfully downloaded S2 image for 2019-05-04.
2025-07-21 17:53:06,109 - INFO - Successfully downloaded S2 image for 2021-12-17.
2025-07-21 17:54:05,337 - INFO - Successfully downloaded S2 image for 2022-01-18.
2025-07-21 17:54:51,226 - INFO - Successfully downloaded S2 image for 2019-05-20.
2025-07-21 17:55:03,741 - INFO - Successfully downloaded S2 image for 2022-02-27.
2025-07-21 17:56:02,232 - INFO - Successfully downloaded S2 image for 2022-03-31.
2025-07-21 17:56:23,058 - INFO - Successfully downloaded S2 image for 2019-06-21.
2025-07-21 17:59:16,064 - INFO - Successfully downloaded S2 image for 2022-04-08.
2025-07-21 18:01:01,462 - INFO - Successfully downloaded S2 image for 2019-07-07.
2025-07-21 18:02:31,912 - INFO - Successfully downloaded S2 image for 2022-05-02.
2025-07-21 18:03:44,091 - INFO - Successfully downloaded S2 image for 2019-07-23.
2025-07-21 18:03:48,470 - INFO - Successfully downloaded S2 image for 2022-05-18.
2025-07-21 18:05:38,642 - INFO - Successfully downloaded S2 image for 2022-06-03.
2025-07-21 18:05:45,596 - INFO - Successfully downloaded S2 image for 2019-09-09.
2025-07-21 18:07:11,687 - INFO - Successfully downloaded S2 image for 2022-06-11.
2025-07-21 18:07:44,681 - INFO - Successfully downloaded S2 image for 2019-09-25.
2025-07-21 18:08:41,963 - INFO - Successfully downloaded S2 image for 2022-06-19.
2025-07-21 18:09:53,350 - INFO - Successfully downloaded S2 image for 2019-10-11.
2025-07-21 18:10:14,780 - INFO - Successfully downloaded S2 image for 2022-06-27.
2025-07-21 18:11:24,547 - INFO - Successfully downloaded S2 image for 2022-07-13.
2025-07-21 18:12:01,785 - INFO - Successfully downloaded S2 image for 2019-10-27.
2025-07-21 18:12:35,484 - INFO - Successfully downloaded S2 image for 2022-07-21.
2025-07-21 18:13:42,462 - INFO - Successfully downloaded S2 image for 2019-11-28.
2025-07-21 18:13:55,363 - INFO - Successfully downloaded S2 image for 2022-07-29.
2025-07-21 18:15:12,654 - INFO - Successfully downloaded S2 image for 2022-08-22.
2025-07-21 18:15:51,662 - INFO - Successfully downloaded S2 image for 2019-12-14.
2025-07-21 18:16:34,084 - INFO - Successfully downloaded S2 image for 2022-08-30.
2025-07-21 18:18:00,583 - INFO - Successfully downloaded S2 image for 2019-12-30.
2025-07-21 18:18:07,614 - INFO - Successfully downloaded S2 image for 2022-09-07.
2025-07-21 18:19:42,711 - INFO - Successfully downloaded S2 image for 2022-09-15.
2025-07-21 18:20:05,011 - INFO - Successfully downloaded S2 image for 2020-01-15.
2025-07-21 18:21:22,796 - INFO - Successfully downloaded S2 image for 2022-10-17.
2025-07-21 18:22:03,217 - INFO - Successfully downloaded S2 image for 2020-02-16.
2025-07-21 18:23:02,699 - INFO - Successfully downloaded S2 image for 2022-11-02.
2025-07-21 18:24:15,293 - INFO - Successfully downloaded S2 image for 2020-03-03.
2025-07-21 18:24:24,266 - INFO - Successfully downloaded S2 image for 2022-11-18.
2025-07-21 18:26:06,813 - INFO - Successfully downloaded S2 image for 2022-12-20.
2025-07-21 18:26:30,292 - INFO - Successfully downloaded S2 image for 2020-03-19.
2025-07-21 18:27:12,204 - INFO - Successfully downloaded S2 image for 2022-12-28.
2025-07-21 18:28:12,900 - INFO - Successfully downloaded S2 image for 2023-01-13.
2025-07-21 18:28:48,303 - INFO - Successfully downloaded S2 image for 2020-04-04.
2025-07-21 18:29:16,912 - INFO - Successfully downloaded S2 image for 2023-01-21.
2025-07-21 18:30:14,976 - INFO - Successfully downloaded S2 image for 2020-04-29.
2025-07-21 18:30:52,916 - INFO - Successfully downloaded S2 image for 2023-01-29.
2025-07-21 18:32:08,355 - INFO - Successfully downloaded S2 image for 2020-05-06.
2025-07-21 18:32:34,106 - INFO - Successfully downloaded S2 image for 2023-03-10.
2025-07-21 18:33:28,938 - INFO - Successfully downloaded S2 image for 2023-03-18.
2025-07-21 18:33:57,440 - INFO - Successfully downloaded S2 image for 2020-06-07.
2025-07-21 18:35:07,932 - INFO - Successfully downloaded S2 image for 2023-04-03.
2025-07-21 18:36:01,685 - INFO - Successfully downloaded S2 image for 2020-06-23.
2025-07-21 18:36:13,350 - INFO - Successfully downloaded S2 image for 2023-04-19.
2025-07-21 18:37:54,146 - INFO - Successfully downloaded S2 image for 2023-05-05.
2025-07-21 18:38:01,080 - INFO - Successfully downloaded S2 image for 2020-07-25.
2025-07-21 18:39:16,767 - INFO - Successfully downloaded S2 image for 2023-05-21.
2025-07-21 18:39:36,173 - INFO - Successfully downloaded S2 image for 2020-08-10.
2025-07-21 18:41:03,210 - INFO - Successfully downloaded S2 image for 2023-05-29.
2025-07-21 18:42:01,879 - INFO - Successfully downloaded S2 image for 2020-08-26.
2025-07-21 18:42:29,787 - INFO - Successfully downloaded S2 image for 2023-06-06.
2025-07-21 18:43:42,780 - INFO - Successfully downloaded S2 image for 2023-06-30.
2025-07-21 18:43:47,185 - INFO - Successfully downloaded S2 image for 2020-09-11.
2025-07-21 18:45:09,730 - INFO - Successfully downloaded S2 image for 2020-10-29.
2025-07-21 18:45:21,465 - INFO - Successfully downloaded S2 image for 2023-07-08.
2025-07-21 18:46:35,784 - INFO - Successfully downloaded S2 image for 2021-01-01.
2025-07-21 18:46:45,147 - INFO - Successfully downloaded S2 image for 2023-07-16.
2025-07-21 18:48:15,510 - INFO - Successfully downloaded S2 image for 2023-07-24.
2025-07-21 18:48:46,000 - INFO - Successfully downloaded S2 image for 2021-01-17.
2025-07-21 18:49:21,549 - INFO - Successfully downloaded S2 image for 2023-08-17.
2025-07-21 18:50:51,166 - INFO - Successfully downloaded S2 image for 2021-02-02.
2025-07-21 18:51:08,991 - INFO - Successfully downloaded S2 image for 2023-09-02.
2025-07-21 18:52:50,285 - INFO - Successfully downloaded S2 image for 2023-10-04.
2025-07-21 18:53:05,804 - INFO - Successfully downloaded S2 image for 2021-02-18.
2025-07-21 18:54:05,087 - INFO - Successfully downloaded S2 image for 2023-10-28.
2025-07-21 18:54:56,646 - INFO - Successfully downloaded S2 image for 2021-03-22.
2025-07-21 18:55:12,910 - INFO - Successfully downloaded S2 image for 2023-11-05.
2025-07-21 18:56:59,634 - INFO - Successfully downloaded S2 image for 2023-11-21.
2025-07-21 18:57:07,088 - INFO - Successfully downloaded S2 image for 2021-04-07.
2025-07-21 18:58:02,920 - INFO - Successfully downloaded S2 image for 2023-11-29.
2025-07-21 18:59:08,305 - INFO - Successfully downloaded S2 image for 2021-04-16.
2025-07-21 18:59:12,187 - INFO - Successfully downloaded S2 image for 2023-12-15.
2025-07-21 19:00:16,893 - INFO - Successfully downloaded S2 image for 2023-12-31.
2025-07-21 19:01:13,905 - INFO - Successfully downloaded S2 image for 2021-04-23.
2025-07-21 19:01:19,917 - INFO - Successfully downloaded S2 image for 2024-01-16.
2025-07-21 19:02:11,761 - INFO - Successfully downloaded S2 image for 2024-04-05.
2025-07-21 19:03:06,407 - INFO - Successfully downloaded S2 image for 2021-05-02.
2025-07-21 19:03:10,170 - INFO - Successfully downloaded S2 image for 2024-04-21.
2025-07-21 19:04:40,742 - INFO - Successfully downloaded S2 image for 2021-05-18.
2025-07-21 19:04:43,025 - INFO - Successfully downloaded S2 image for 2024-04-29.
2025-07-21 19:05:41,418 - INFO - Successfully downloaded S2 image for 2024-05-15.
2025-07-21 19:06:34,501 - INFO - Successfully downloaded S2 image for 2021-06-03.
2025-07-21 19:06:49,154 - INFO - Successfully downloaded S2 image for 2024-05-23.
2025-07-21 19:07:56,682 - INFO - Successfully downloaded S2 image for 2021-06-10.
2025-07-21 19:08:31,177 - INFO - Successfully downloaded S2 image for 2024-06-16.
2025-07-21 19:09:33,553 - INFO - Successfully downloaded S2 image for 2021-06-26.
2025-07-21 19:10:18,720 - INFO - Successfully downloaded S2 image for 2024-07-10.
2025-07-21 19:11:24,572 - INFO - Successfully downloaded S2 image for 2021-07-28.
2025-07-21 19:11:39,311 - INFO - Successfully downloaded S2 image for 2024-08-27.
2025-07-21 19:13:15,186 - INFO - Successfully downloaded S2 image for 2024-09-04.
2025-07-21 19:13:20,580 - INFO - Successfully downloaded S2 image for 2021-09-30.
2025-07-21 19:14:13,583 - INFO - Successfully downloaded S2 image for 2024-09-20.
2025-07-21 19:14:55,558 - INFO - Successfully downloaded S2 image for 2021-10-16.
2025-07-21 19:15:38,277 - INFO - Successfully downloaded S2 image for 2024-09-28.
2025-07-21 19:17:06,245 - INFO - Successfully downloaded S2 image for 2021-12-03.
2025-07-21 19:17:25,354 - INFO - Successfully downloaded S2 image for 2024-10-06.
2025-07-21 19:19:02,309 - INFO - Successfully downloaded S2 image for 2024-10-14.
2025-07-21 19:19:31,776 - INFO - Successfully downloaded S2 image for 2021-12-04.
2025-07-21 19:20:48,304 - INFO - Successfully downloaded S2 image for 2024-10-30.
2025-07-21 19:21:10,399 - INFO - Successfully downloaded S2 image for 2021-12-27.
2025-07-21 19:22:44,497 - WARNING - Request error for 2022-01-04 (attempt 1/3): 503 Server Error: Service Unavailable for url: https://earthengine.googleapis.com/v1/projects/ee-hadat-461702-p4/thumbnails/93c0884b7b2afe521b4d7dee2ef07beb-296ea16035766dd52eb054809441c2c2:getPixels.
2025-07-21 19:23:23,269 - INFO - Successfully downloaded S2 image for 2024-11-07.
2025-07-21 19:24:15,181 - INFO - Successfully downloaded S2 image for 2022-01-04.
2025-07-21 19:25:01,967 - INFO - Successfully downloaded S2 image for 2024-11-15.
2025-07-21 19:26:30,147 - INFO - Successfully downloaded S2 image for 2022-01-12.
2025-07-21 19:26:35,455 - INFO - Successfully downloaded S2 image for 2024-12-01.
2025-07-21 19:29:34,763 - INFO - Successfully downloaded S2 image for 2022-01-28.
2025-07-21 19:29:44,771 - INFO - Successfully downloaded S2 image for 2024-12-17.
2025-07-21 19:29:44,774 - INFO - Sentinel-2 data retrieval finished for ROI 'F-48-93-B'.
2025-07-21 19:29:44,774 - INFO - ==================================================
2025-07-21 19:29:44,774 - INFO - Data retrieval orchestration finished. Total time: 3:07:28.799387
2025-07-21 19:32:24,577 - INFO - Successfully downloaded S2 image for 2022-02-13.
2025-07-21 19:35:00,799 - INFO - Successfully downloaded S2 image for 2022-02-21.
2025-07-21 19:38:38,475 - INFO - Successfully downloaded S2 image for 2022-03-09.
2025-07-21 19:40:43,033 - INFO - Successfully downloaded S2 image for 2022-03-25.
2025-07-21 19:42:36,019 - INFO - Successfully downloaded S2 image for 2022-04-02.
2025-07-21 19:44:30,741 - INFO - Successfully downloaded S2 image for 2022-04-11.
2025-07-21 19:46:40,450 - INFO - Successfully downloaded S2 image for 2022-04-18.
2025-07-21 19:49:01,033 - INFO - Successfully downloaded S2 image for 2022-04-19.
2025-07-21 19:51:03,786 - INFO - Successfully downloaded S2 image for 2022-04-26.
2025-07-21 19:52:58,997 - INFO - Successfully downloaded S2 image for 2022-04-27.
2025-07-21 19:54:54,162 - INFO - Successfully downloaded S2 image for 2022-05-04.
2025-07-21 19:56:42,254 - INFO - Successfully downloaded S2 image for 2022-05-12.
2025-07-21 19:58:19,836 - INFO - Successfully downloaded S2 image for 2022-05-13.
2025-07-21 20:00:14,163 - INFO - Successfully downloaded S2 image for 2022-05-28.
2025-07-21 20:01:52,928 - INFO - Successfully downloaded S2 image for 2022-05-29.
2025-07-21 20:02:01,744 - WARNING - Sleeping 1.13 seconds before retry 1 of 5 for request: POST https://earthengine.googleapis.com/v1/projects/ee-hadat-461702-p4/value:compute?prettyPrint=false&alt=json, after 503
2025-07-21 20:03:55,338 - INFO - Successfully downloaded S2 image for 2022-06-05.
2025-07-21 20:06:03,563 - INFO - Successfully downloaded S2 image for 2022-06-13.
2025-07-21 20:07:48,590 - INFO - Successfully downloaded S2 image for 2022-06-21.
2025-07-21 20:09:50,076 - INFO - Successfully downloaded S2 image for 2022-06-22.
2025-07-21 20:11:49,481 - INFO - Successfully downloaded S2 image for 2022-07-07.
2025-07-21 20:13:32,249 - INFO - Successfully downloaded S2 image for 2022-07-15.
2025-07-21 20:15:04,665 - INFO - Successfully downloaded S2 image for 2022-07-23.
2025-07-21 20:16:29,996 - INFO - Successfully downloaded S2 image for 2022-08-09.
2025-07-21 20:18:34,127 - INFO - Successfully downloaded S2 image for 2022-09-01.
2025-07-21 20:20:16,311 - INFO - Successfully downloaded S2 image for 2022-09-09.
2025-07-21 20:21:59,426 - INFO - Successfully downloaded S2 image for 2022-09-10.
2025-07-21 20:23:40,362 - INFO - Successfully downloaded S2 image for 2022-09-25.
2025-07-21 20:25:26,902 - INFO - Successfully downloaded S2 image for 2022-09-26.
2025-07-21 20:26:55,335 - INFO - Successfully downloaded S2 image for 2022-10-19.
2025-07-21 20:28:24,744 - INFO - Successfully downloaded S2 image for 2022-10-20.
2025-07-21 20:29:49,358 - INFO - Successfully downloaded S2 image for 2022-11-04.
2025-07-21 20:31:42,363 - INFO - Successfully downloaded S2 image for 2022-11-28.
2025-07-21 20:34:04,760 - INFO - Successfully downloaded S2 image for 2022-12-22.
2025-07-21 20:36:10,363 - INFO - Successfully downloaded S2 image for 2022-12-30.
2025-07-21 20:37:35,415 - INFO - Successfully downloaded S2 image for 2023-01-23.
2025-07-21 20:39:16,525 - INFO - Successfully downloaded S2 image for 2023-01-31.
2025-07-21 20:41:28,826 - INFO - Successfully downloaded S2 image for 2023-02-08.
2025-07-21 20:43:31,570 - INFO - Successfully downloaded S2 image for 2023-02-16.
2025-07-21 20:46:30,088 - INFO - Successfully downloaded S2 image for 2023-02-17.
2025-07-21 20:48:56,806 - INFO - Successfully downloaded S2 image for 2023-03-04.
2025-07-21 20:50:53,119 - INFO - Successfully downloaded S2 image for 2023-03-12.
2025-07-21 20:53:18,505 - INFO - Successfully downloaded S2 image for 2023-03-20.
2025-07-21 20:55:12,713 - INFO - Successfully downloaded S2 image for 2023-04-13.
2025-07-21 20:57:12,932 - INFO - Successfully downloaded S2 image for 2023-04-21.
2025-07-21 20:59:10,814 - INFO - Successfully downloaded S2 image for 2023-04-29.
2025-07-21 21:00:40,077 - INFO - Successfully downloaded S2 image for 2023-05-07.
2025-07-21 21:02:37,064 - INFO - Successfully downloaded S2 image for 2023-05-16.
2025-07-21 21:04:56,541 - INFO - Successfully downloaded S2 image for 2023-05-23.
2025-07-21 21:06:31,778 - INFO - Successfully downloaded S2 image for 2023-05-31.
2025-07-21 21:08:19,868 - INFO - Successfully downloaded S2 image for 2023-06-01.
2025-07-21 21:09:57,844 - INFO - Successfully downloaded S2 image for 2023-06-16.
2025-07-21 21:11:39,351 - INFO - Successfully downloaded S2 image for 2023-06-17.
2025-07-21 21:13:04,036 - INFO - Successfully downloaded S2 image for 2023-07-02.
2025-07-21 21:14:32,666 - INFO - Successfully downloaded S2 image for 2023-07-03.
2025-07-21 21:16:28,480 - INFO - Successfully downloaded S2 image for 2023-07-10.
2025-07-21 21:17:55,824 - INFO - Successfully downloaded S2 image for 2023-07-26.
2025-07-21 21:19:27,125 - INFO - Successfully downloaded S2 image for 2023-08-11.
2025-07-21 21:21:05,408 - INFO - Successfully downloaded S2 image for 2023-08-19.
2025-07-21 21:23:15,012 - INFO - Successfully downloaded S2 image for 2023-08-27.
2025-07-21 21:24:41,978 - INFO - Successfully downloaded S2 image for 2023-09-04.
2025-07-21 21:26:14,543 - INFO - Successfully downloaded S2 image for 2023-09-05.
2025-07-21 21:28:00,850 - INFO - Successfully downloaded S2 image for 2023-09-20.
2025-07-21 21:30:37,214 - INFO - Successfully downloaded S2 image for 2023-09-28.
2025-07-21 21:32:27,482 - INFO - Successfully downloaded S2 image for 2023-10-06.
2025-07-21 21:34:29,003 - INFO - Successfully downloaded S2 image for 2023-10-14.
2025-07-21 21:36:38,818 - INFO - Successfully downloaded S2 image for 2023-10-23.
2025-07-21 21:37:54,601 - INFO - Successfully downloaded S2 image for 2023-10-30.
2025-07-21 21:39:30,334 - INFO - Successfully downloaded S2 image for 2023-12-09.
2025-07-21 21:41:42,425 - INFO - Successfully downloaded S2 image for 2023-12-17.
2025-07-21 21:43:21,364 - INFO - Successfully downloaded S2 image for 2023-12-18.
2025-07-21 21:44:56,936 - INFO - Successfully downloaded S2 image for 2023-12-25.
2025-07-21 21:47:03,767 - INFO - Successfully downloaded S2 image for 2024-01-02.
2025-07-21 21:49:20,380 - INFO - Successfully downloaded S2 image for 2024-01-18.
2025-07-21 21:51:46,956 - INFO - Successfully downloaded S2 image for 2024-01-26.
2025-07-21 21:53:42,272 - INFO - Successfully downloaded S2 image for 2024-02-03.
2025-07-21 21:55:58,944 - INFO - Successfully downloaded S2 image for 2024-02-11.
2025-07-21 21:57:54,530 - INFO - Successfully downloaded S2 image for 2024-02-12.
2025-07-21 21:59:50,830 - INFO - Successfully downloaded S2 image for 2024-02-20.
2025-07-21 22:01:52,100 - INFO - Successfully downloaded S2 image for 2024-02-27.
2025-07-21 22:04:05,815 - INFO - Successfully downloaded S2 image for 2024-02-28.
2025-07-21 22:06:25,377 - INFO - Successfully downloaded S2 image for 2024-03-06.
2025-07-21 22:08:21,429 - INFO - Successfully downloaded S2 image for 2024-03-07.
2025-07-21 22:10:17,559 - INFO - Successfully downloaded S2 image for 2024-03-14.
2025-07-21 22:12:33,545 - INFO - Successfully downloaded S2 image for 2024-03-22.
2025-07-21 22:14:37,217 - INFO - Successfully downloaded S2 image for 2024-03-31.
2025-07-21 22:17:23,601 - INFO - Successfully downloaded S2 image for 2024-04-07.
2025-07-21 22:19:41,418 - INFO - Successfully downloaded S2 image for 2024-04-08.
2025-07-21 22:21:47,779 - INFO - Successfully downloaded S2 image for 2024-04-15.
2025-07-21 22:23:37,378 - WARNING - Sleeping 1.32 seconds before retry 1 of 5 for request: POST https://earthengine.googleapis.com/v1/projects/ee-hadat-461702-p4/thumbnails?fields=name&alt=json, after 503
2025-07-21 22:24:05,083 - INFO - Successfully downloaded S2 image for 2024-04-16.
2025-07-21 22:26:05,548 - INFO - Successfully downloaded S2 image for 2024-04-23.
2025-07-21 22:28:20,747 - INFO - Successfully downloaded S2 image for 2024-05-01.
2025-07-21 22:30:09,399 - INFO - Successfully downloaded S2 image for 2024-05-10.
2025-07-21 22:31:51,227 - INFO - Successfully downloaded S2 image for 2024-05-17.
2025-07-21 22:33:28,722 - INFO - Successfully downloaded S2 image for 2024-06-10.
2025-07-21 22:35:07,434 - INFO - Successfully downloaded S2 image for 2024-06-26.
2025-07-21 22:37:25,698 - INFO - Successfully downloaded S2 image for 2024-07-04.
2025-07-21 22:39:31,325 - INFO - Successfully downloaded S2 image for 2024-07-05.
2025-07-21 22:41:37,497 - INFO - Successfully downloaded S2 image for 2024-07-12.
2025-07-21 22:43:31,540 - INFO - Successfully downloaded S2 image for 2024-07-29.
2025-07-21 22:45:42,077 - INFO - Successfully downloaded S2 image for 2024-08-05.
2025-07-21 22:47:44,483 - INFO - Successfully downloaded S2 image for 2024-08-13.
2025-07-21 22:49:43,399 - INFO - Successfully downloaded S2 image for 2024-08-21.
2025-07-21 22:51:30,508 - INFO - Successfully downloaded S2 image for 2024-08-29.
2025-07-21 22:53:23,982 - INFO - Successfully downloaded S2 image for 2024-09-14.
2025-07-21 22:55:14,926 - INFO - Successfully downloaded S2 image for 2024-09-15.
2025-07-21 22:57:22,670 - INFO - Successfully downloaded S2 image for 2024-09-30.
2025-07-21 22:58:54,712 - INFO - Successfully downloaded S2 image for 2024-10-08.
2025-07-21 23:00:55,572 - INFO - Successfully downloaded S2 image for 2024-11-01.
2025-07-21 23:03:15,752 - INFO - Successfully downloaded S2 image for 2024-11-17.
2025-07-21 23:04:48,812 - INFO - Successfully downloaded S2 image for 2024-11-26.
2025-07-21 23:06:39,724 - INFO - Successfully downloaded S2 image for 2024-12-19.
2025-07-21 23:06:39,730 - INFO - Sentinel-2 data retrieval finished for ROI 'C-49-1-D'.
2025-07-21 23:06:39,730 - INFO - ==================================================
2025-07-21 23:06:39,730 - INFO - Data retrieval orchestration finished. Total time: 6:43:24.793855
2025-07-22 08:58:56,648 - INFO - ==================================================
2025-07-22 08:58:56,649 - INFO - Starting LST data retrieval for ROI 'C-48-56-A'...
2025-07-22 08:58:56,649 - INFO - LST retrieval period: 2017-01-01 to 2025-01-01
2025-07-22 09:40:27,003 - INFO - LST data retrieval finished for ROI 'C-48-56-A'.
2025-07-22 09:40:27,003 - INFO - ==================================================
2025-07-22 09:40:27,004 - INFO - Starting ERA5 data retrieval for ROI 'C-48-56-A'...
2025-07-22 09:40:27,011 - INFO - Dynamically determined L8 pivot date: 2017-01-13
2025-07-22 09:40:27,011 - INFO - Dynamically determined L9 pivot date: 2021-10-31
2025-07-22 09:40:27,014 - INFO - Generated 255 target dates for ERA5 retrieval.
2025-07-22 09:51:17,169 - INFO - Running final check for missing ERA5 files based on LST downloads...
2025-07-22 09:51:17,173 - WARNING - Found 2 LST files with no corresponding ERA5 file. Retrieving missing data...
2025-07-22 09:51:21,850 - INFO - ERA5 data retrieval finished for ROI 'C-48-56-A'.
2025-07-22 09:51:21,850 - INFO - ==================================================
2025-07-22 09:51:21,850 - INFO - Starting Sentinel-2 data retrieval for ROI 'C-48-56-A'...
2025-07-22 09:51:21,857 - INFO - Requesting S2 composites for 236 dates based on LST files.
2025-07-22 09:52:56,502 - INFO - Successfully downloaded S2 image for 2018-12-18.
2025-07-22 09:53:58,967 - INFO - Successfully downloaded S2 image for 2019-02-04.
2025-07-22 09:55:28,604 - INFO - Successfully downloaded S2 image for 2019-02-20.
2025-07-22 09:56:53,432 - INFO - Successfully downloaded S2 image for 2019-03-24.
2025-07-22 09:57:56,804 - INFO - Successfully downloaded S2 image for 2019-04-25.
2025-07-22 09:59:40,963 - INFO - Successfully downloaded S2 image for 2019-05-11.
2025-07-22 10:01:28,791 - INFO - Successfully downloaded S2 image for 2019-05-27.
2025-07-22 10:03:26,338 - INFO - Successfully downloaded S2 image for 2019-07-14.
2025-07-22 10:04:42,240 - INFO - Successfully downloaded S2 image for 2019-07-30.
2025-07-22 10:06:20,538 - INFO - Successfully downloaded S2 image for 2019-08-15.
2025-07-22 10:08:07,167 - INFO - Successfully downloaded S2 image for 2019-10-02.
2025-07-22 10:09:42,889 - INFO - Successfully downloaded S2 image for 2019-10-18.
2025-07-22 10:11:30,528 - INFO - Successfully downloaded S2 image for 2019-11-19.
2025-07-22 10:13:40,349 - INFO - Successfully downloaded S2 image for 2020-01-06.
2025-07-22 10:15:22,996 - INFO - Successfully downloaded S2 image for 2020-01-22.
2025-07-22 10:17:26,690 - INFO - Successfully downloaded S2 image for 2020-02-07.
2025-07-22 10:18:52,557 - INFO - Successfully downloaded S2 image for 2020-03-26.
2025-07-22 10:20:15,925 - INFO - Successfully downloaded S2 image for 2020-04-11.
2025-07-22 10:21:58,976 - INFO - Successfully downloaded S2 image for 2020-04-27.
2025-07-22 10:23:38,949 - INFO - Successfully downloaded S2 image for 2020-05-29.
2025-07-22 10:25:10,639 - INFO - Successfully downloaded S2 image for 2020-07-16.
2025-07-22 10:26:28,181 - INFO - Successfully downloaded S2 image for 2020-08-17.
2025-07-22 10:28:06,078 - INFO - Successfully downloaded S2 image for 2020-11-21.
2025-07-22 10:29:59,695 - INFO - Successfully downloaded S2 image for 2020-12-07.
2025-07-22 10:31:54,385 - INFO - Successfully downloaded S2 image for 2020-12-23.
2025-07-22 10:33:17,030 - INFO - Successfully downloaded S2 image for 2021-01-24.
2025-07-22 10:35:22,991 - INFO - Successfully downloaded S2 image for 2021-02-09.
2025-07-22 10:36:43,871 - INFO - Successfully downloaded S2 image for 2021-02-25.
2025-07-22 10:38:36,000 - INFO - Successfully downloaded S2 image for 2021-03-13.
2025-07-22 10:39:50,686 - INFO - Successfully downloaded S2 image for 2021-04-14.
2025-07-22 10:41:23,761 - INFO - Successfully downloaded S2 image for 2021-04-30.
2025-07-22 10:43:18,352 - INFO - Successfully downloaded S2 image for 2021-05-16.
2025-07-22 10:44:57,758 - INFO - Successfully downloaded S2 image for 2021-06-01.
2025-07-22 10:46:19,343 - INFO - Successfully downloaded S2 image for 2021-07-03.
2025-07-22 10:47:24,840 - INFO - Successfully downloaded S2 image for 2021-08-04.
2025-07-22 10:49:21,435 - INFO - Successfully downloaded S2 image for 2021-08-20.
2025-07-22 10:50:38,105 - INFO - Successfully downloaded S2 image for 2021-09-21.
2025-07-22 10:52:11,484 - INFO - Successfully downloaded S2 image for 2021-10-23.
2025-07-22 10:53:36,164 - INFO - Successfully downloaded S2 image for 2021-10-31.
2025-07-22 10:54:51,394 - INFO - Successfully downloaded S2 image for 2021-11-05.
2025-07-22 10:56:08,564 - INFO - Successfully downloaded S2 image for 2021-11-08.
2025-07-22 10:57:28,121 - INFO - Successfully downloaded S2 image for 2021-12-18.
2025-07-22 10:59:01,802 - INFO - Successfully downloaded S2 image for 2021-12-26.
2025-07-22 11:00:40,500 - INFO - Successfully downloaded S2 image for 2022-01-11.
2025-07-22 11:02:48,902 - INFO - Successfully downloaded S2 image for 2022-01-19.
2025-07-22 11:04:14,581 - INFO - Successfully downloaded S2 image for 2022-01-27.
2025-07-22 11:06:01,014 - INFO - Successfully downloaded S2 image for 2022-02-04.
2025-07-22 11:07:38,112 - INFO - Successfully downloaded S2 image for 2022-02-20.
2025-07-22 11:09:32,818 - INFO - Successfully downloaded S2 image for 2022-02-28.
2025-07-22 11:11:00,220 - INFO - Successfully downloaded S2 image for 2022-03-08.
2025-07-22 11:12:28,654 - INFO - Successfully downloaded S2 image for 2022-04-01.
2025-07-22 11:14:12,916 - INFO - Successfully downloaded S2 image for 2022-04-09.
2025-07-22 11:15:17,710 - INFO - Successfully downloaded S2 image for 2022-04-17.
2025-07-22 11:16:59,262 - INFO - Successfully downloaded S2 image for 2022-04-25.
2025-07-22 11:18:19,783 - INFO - Successfully downloaded S2 image for 2022-05-11.
2025-07-22 11:19:28,492 - INFO - Successfully downloaded S2 image for 2022-05-19.
2025-07-22 11:21:25,616 - INFO - Successfully downloaded S2 image for 2022-05-27.
2025-07-22 11:22:51,334 - INFO - Successfully downloaded S2 image for 2022-06-04.
2025-07-22 11:24:25,784 - INFO - Successfully downloaded S2 image for 2022-06-20.
2025-07-22 11:26:06,793 - INFO - Successfully downloaded S2 image for 2022-06-28.
2025-07-22 11:27:33,232 - INFO - Successfully downloaded S2 image for 2022-07-06.
2025-07-22 11:28:41,836 - INFO - Successfully downloaded S2 image for 2022-07-14.
2025-07-22 11:30:21,625 - INFO - Successfully downloaded S2 image for 2022-07-30.
2025-07-22 11:32:12,702 - INFO - Successfully downloaded S2 image for 2022-08-15.
2025-07-22 11:33:51,816 - INFO - Successfully downloaded S2 image for 2022-09-16.
2025-07-22 11:35:07,139 - INFO - Successfully downloaded S2 image for 2022-10-18.
2025-07-22 11:36:24,715 - INFO - Successfully downloaded S2 image for 2022-11-27.
2025-07-22 11:37:54,763 - INFO - Successfully downloaded S2 image for 2022-12-05.
2025-07-22 11:39:14,064 - INFO - Successfully downloaded S2 image for 2022-12-13.
2025-07-22 11:40:53,105 - INFO - Successfully downloaded S2 image for 2022-12-21.
2025-07-22 11:42:47,663 - INFO - Successfully downloaded S2 image for 2023-01-14.
2025-07-22 11:44:41,085 - INFO - Successfully downloaded S2 image for 2023-02-23.
2025-07-22 11:45:49,995 - INFO - Successfully downloaded S2 image for 2023-03-03.
2025-07-22 11:47:11,931 - INFO - Successfully downloaded S2 image for 2023-03-11.
2025-07-22 11:48:58,720 - INFO - Successfully downloaded S2 image for 2023-03-27.
2025-07-22 11:50:49,274 - INFO - Successfully downloaded S2 image for 2023-04-04.
2025-07-22 11:51:58,593 - INFO - Successfully downloaded S2 image for 2023-04-12.
2025-07-22 11:53:18,889 - INFO - Successfully downloaded S2 image for 2023-04-20.
2025-07-22 11:54:38,318 - INFO - Successfully downloaded S2 image for 2023-05-06.
2025-07-22 11:56:12,705 - INFO - Successfully downloaded S2 image for 2023-05-14.
2025-07-22 11:57:32,472 - INFO - Successfully downloaded S2 image for 2023-05-30.
2025-07-22 11:58:40,960 - INFO - Successfully downloaded S2 image for 2023-06-15.
2025-07-22 12:00:26,894 - INFO - Successfully downloaded S2 image for 2023-06-23.
2025-07-22 12:02:04,709 - INFO - Successfully downloaded S2 image for 2023-07-01.
2025-07-22 12:03:48,372 - INFO - Successfully downloaded S2 image for 2023-07-09.
2025-07-22 12:05:35,514 - INFO - Successfully downloaded S2 image for 2023-08-10.
2025-07-22 12:07:24,603 - INFO - Successfully downloaded S2 image for 2023-08-18.
2025-07-22 12:09:10,091 - INFO - Successfully downloaded S2 image for 2023-09-19.
2025-07-22 12:10:51,897 - INFO - Successfully downloaded S2 image for 2023-10-13.
2025-07-22 12:12:21,874 - INFO - Successfully downloaded S2 image for 2023-10-21.
2025-07-22 12:13:56,618 - INFO - Successfully downloaded S2 image for 2023-10-29.
2025-07-22 12:15:31,829 - INFO - Successfully downloaded S2 image for 2023-11-06.
2025-07-22 12:16:44,948 - INFO - Successfully downloaded S2 image for 2023-11-22.
2025-07-22 12:18:11,861 - INFO - Successfully downloaded S2 image for 2023-11-30.
2025-07-22 12:19:31,237 - INFO - Successfully downloaded S2 image for 2023-12-08.
2025-07-22 12:21:16,119 - INFO - Successfully downloaded S2 image for 2023-12-16.
2025-07-22 12:22:46,334 - INFO - Successfully downloaded S2 image for 2024-01-01.
2025-07-22 12:24:02,740 - INFO - Successfully downloaded S2 image for 2024-01-09.
2025-07-22 12:25:25,745 - INFO - Successfully downloaded S2 image for 2024-01-17.
2025-07-22 12:27:25,861 - INFO - Successfully downloaded S2 image for 2024-01-25.
2025-07-22 12:28:51,367 - INFO - Successfully downloaded S2 image for 2024-02-10.
2025-07-22 12:30:27,350 - INFO - Successfully downloaded S2 image for 2024-02-18.
2025-07-22 12:32:10,741 - INFO - Successfully downloaded S2 image for 2024-02-26.
2025-07-22 12:33:55,473 - INFO - Successfully downloaded S2 image for 2024-03-05.
2025-07-22 12:35:40,824 - INFO - Successfully downloaded S2 image for 2024-03-21.
2025-07-22 12:37:13,224 - INFO - Successfully downloaded S2 image for 2024-03-29.
2025-07-22 12:38:49,867 - INFO - Successfully downloaded S2 image for 2024-04-06.
2025-07-22 12:40:00,425 - INFO - Successfully downloaded S2 image for 2024-04-14.
2025-07-22 12:42:05,567 - INFO - Successfully downloaded S2 image for 2024-04-30.
2025-07-22 12:43:11,974 - INFO - Successfully downloaded S2 image for 2024-05-08.
2025-07-22 12:44:27,403 - INFO - Successfully downloaded S2 image for 2024-05-16.
2025-07-22 12:46:07,632 - INFO - Successfully downloaded S2 image for 2024-05-24.
2025-07-22 12:47:45,526 - INFO - Successfully downloaded S2 image for 2024-06-17.
2025-07-22 12:48:53,910 - INFO - Successfully downloaded S2 image for 2024-08-04.
2025-07-22 12:50:08,745 - INFO - Successfully downloaded S2 image for 2024-08-12.
2025-07-22 12:51:34,157 - INFO - Successfully downloaded S2 image for 2024-08-28.
2025-07-22 12:53:01,821 - INFO - Successfully downloaded S2 image for 2024-10-15.
2025-07-22 12:54:42,915 - INFO - Successfully downloaded S2 image for 2024-10-31.
2025-07-22 12:56:06,472 - INFO - Successfully downloaded S2 image for 2024-11-16.
2025-07-22 12:57:10,634 - INFO - Successfully downloaded S2 image for 2024-12-02.
2025-07-22 12:57:10,639 - INFO - Sentinel-2 data retrieval finished for ROI 'C-48-56-A'.
2025-07-22 12:57:10,639 - INFO - ==================================================
2025-07-22 12:57:10,639 - INFO - Data retrieval orchestration finished. Total time: 3:58:15.842264
2025-08-04 15:03:20,971 - INFO - ==================================================
2025-08-04 15:03:20,971 - INFO - Starting LST data retrieval for ROI 'F-48-93-B'...
2025-08-04 15:03:20,971 - INFO - LST retrieval period: 2015-01-01 to 2025-01-01
2025-08-04 15:41:27,500 - INFO - ==================================================
2025-08-04 15:41:27,500 - INFO - Starting LST data retrieval for ROI 'F-48-93-B'...
2025-08-04 15:41:27,501 - INFO - LST retrieval period: 2015-01-01 to 2025-01-01
2025-08-04 16:05:18,120 - INFO - ==================================================
2025-08-04 16:05:18,120 - INFO - Starting LST data retrieval for ROI 'F-48-93-B'...
2025-08-04 16:05:18,120 - INFO - LST retrieval period: 2015-01-01 to 2017-01-01
2025-08-04 16:06:33,380 - INFO - LST data retrieval finished for ROI 'F-48-93-B'.
2025-08-04 16:06:33,380 - INFO - ==================================================
2025-08-04 16:06:33,380 - INFO - Starting ERA5 data retrieval for ROI 'F-48-93-B'...
2025-08-04 16:06:33,381 - INFO - Dynamically determined L8 pivot date: 2015-01-15
2025-08-04 16:06:33,381 - WARNING - No L9 files found in /mnt/hdd12tb/code/nhatvm/DELAG_main/data/retrieved_data/F-48-93-B/lst. Falling back to default L9 pivot date: 2022-01-01
2025-08-04 16:06:33,381 - INFO - Generated 45 target dates for ERA5 retrieval.
2025-08-04 16:07:27,365 - INFO - Running final check for missing ERA5 files based on LST downloads...
2025-08-04 16:07:27,367 - WARNING - Found 33 LST files with no corresponding ERA5 file. Retrieving missing data...
2025-08-04 16:08:06,050 - INFO - ERA5 data retrieval finished for ROI 'F-48-93-B'.
2025-08-04 16:08:06,050 - INFO - ==================================================
2025-08-04 16:08:06,050 - INFO - Starting MODIS data retrieval for ROI 'F-48-93-B'...
2025-08-04 16:08:06,051 - INFO - Generated 33 target dates for MODIS retrieval based on LST files.
2025-08-04 16:08:27,253 - INFO - MODIS data retrieval finished for ROI 'F-48-93-B'.
2025-08-04 16:08:27,253 - INFO - ==================================================
2025-08-04 16:08:27,253 - INFO - Starting Sentinel-2 data retrieval for ROI 'F-48-93-B'...
2025-08-04 16:08:27,257 - INFO - Requesting S2 composites for 33 dates based on LST files.
2025-08-04 16:08:28,911 - WARNING - No valid S2 composites found for ROI 'F-48-93-B'. Skipping download.
2025-08-04 16:08:28,912 - INFO - Sentinel-2 data retrieval finished for ROI 'F-48-93-B'.
2025-08-04 16:08:28,912 - INFO - ==================================================
2025-08-04 16:08:28,912 - INFO - Data retrieval orchestration finished. Total time: 0:03:11.991548
2025-08-04 16:15:19,052 - INFO - ==================================================
2025-08-04 16:15:19,052 - INFO - Starting LST data retrieval for ROI 'F-48-93-B'...
2025-08-04 16:15:19,052 - INFO - LST retrieval period: 2015-01-01 to 2017-01-01
2025-08-04 16:16:51,887 - INFO - LST data retrieval finished for ROI 'F-48-93-B'.
2025-08-04 16:16:51,887 - INFO - ==================================================
2025-08-04 16:16:51,887 - INFO - Starting ERA5 data retrieval for ROI 'F-48-93-B'...
2025-08-04 16:16:51,888 - INFO - Dynamically determined L8 pivot date: 2015-01-15
2025-08-04 16:16:51,888 - WARNING - No L9 files found in /mnt/hdd12tb/code/nhatvm/DELAG_main/data/retrieved_data/F-48-93-B/lst. Falling back to default L9 pivot date: 2022-01-01
2025-08-04 16:16:51,889 - INFO - Generated 45 target dates for ERA5 retrieval.
2025-08-04 16:18:04,171 - INFO - Running final check for missing ERA5 files based on LST downloads...
2025-08-04 16:18:04,173 - WARNING - Found 33 LST files with no corresponding ERA5 file. Retrieving missing data...
2025-08-04 16:18:49,995 - INFO - ERA5 data retrieval finished for ROI 'F-48-93-B'.
2025-08-04 16:18:49,995 - INFO - ==================================================
2025-08-04 16:18:49,995 - INFO - Starting MODIS data retrieval for ROI 'F-48-93-B'...
2025-08-04 16:18:49,997 - INFO - Generated 33 target dates for MODIS retrieval based on LST files.
2025-08-04 16:19:15,737 - INFO - MODIS data retrieval finished for ROI 'F-48-93-B'.
2025-08-04 16:19:15,737 - INFO - ==================================================
2025-08-04 16:19:15,737 - INFO - Starting Sentinel-2 data retrieval for ROI 'F-48-93-B'...
2025-08-04 16:19:15,740 - INFO - Requesting S2 composites for 33 dates based on LST files.
2025-08-04 16:19:17,322 - WARNING - No valid S2 composites found for ROI 'F-48-93-B'. Skipping download.
2025-08-04 16:19:17,322 - INFO - Sentinel-2 data retrieval finished for ROI 'F-48-93-B'.
2025-08-04 16:19:17,323 - INFO - ==================================================
2025-08-04 16:19:17,323 - INFO - Data retrieval orchestration finished. Total time: 0:03:59.783781
2025-08-04 16:30:34,805 - INFO - ==================================================
2025-08-04 16:30:34,805 - INFO - Starting LST data retrieval for ROI 'F-48-93-B'...
2025-08-04 16:30:34,805 - INFO - LST retrieval period: 2015-01-01 to 2017-01-01
2025-08-04 16:32:28,539 - INFO - LST data retrieval finished for ROI 'F-48-93-B'.
2025-08-04 16:32:28,539 - INFO - ==================================================
2025-08-04 16:32:28,539 - INFO - Starting ERA5 data retrieval for ROI 'F-48-93-B'...
2025-08-04 16:32:28,540 - INFO - Dynamically determined L8 pivot date: 2015-01-15
2025-08-04 16:32:28,540 - WARNING - No L9 files found in /mnt/hdd12tb/code/nhatvm/DELAG_main/data/retrieved_data/F-48-93-B/lst. Falling back to default L9 pivot date: 2022-01-01
2025-08-04 16:32:28,541 - INFO - Generated 45 target dates for ERA5 retrieval.
2025-08-04 16:35:07,103 - INFO - Running final check for missing ERA5 files based on LST downloads...
2025-08-04 16:35:07,104 - WARNING - Found 1 LST files with no corresponding ERA5 file. Retrieving missing data...
2025-08-04 16:35:10,043 - INFO - ERA5 data retrieval finished for ROI 'F-48-93-B'.
2025-08-04 16:35:10,044 - INFO - ==================================================
2025-08-04 16:35:10,044 - INFO - Starting MODIS data retrieval for ROI 'F-48-93-B'...
2025-08-04 16:35:10,044 - INFO - Generated 33 target dates for MODIS retrieval based on LST files.
2025-08-04 16:36:52,873 - INFO - MODIS data retrieval finished for ROI 'F-48-93-B'.
2025-08-04 16:36:52,874 - INFO - ==================================================
2025-08-04 16:36:52,874 - INFO - Starting Sentinel-2 data retrieval for ROI 'F-48-93-B'...
2025-08-04 16:36:52,877 - INFO - Requesting S2 composites for 33 dates based on LST files.
2025-08-04 16:36:54,500 - WARNING - No valid S2 composites found for ROI 'F-48-93-B'. Skipping download.
2025-08-04 16:36:54,500 - INFO - Sentinel-2 data retrieval finished for ROI 'F-48-93-B'.
2025-08-04 16:36:54,500 - INFO - ==================================================
2025-08-04 16:36:54,500 - INFO - Data retrieval orchestration finished. Total time: 0:06:21.493446
